{"/Users/aonsolutions/eclipse-workspace/aon.parent/aon-tedi-application/src/tedi-ewok/TediEwok.ts":{"path":"/Users/aonsolutions/eclipse-workspace/aon.parent/aon-tedi-application/src/tedi-ewok/TediEwok.ts","statementMap":{"0":{"start":{"line":2,"column":22},"end":{"line":8,"column":3}},"1":{"start":{"line":3,"column":4},"end":{"line":3,"column":33}},"2":{"start":{"line":3,"column":26},"end":{"line":3,"column":33}},"3":{"start":{"line":4,"column":4},"end":{"line":4,"column":89}},"4":{"start":{"line":4,"column":71},"end":{"line":4,"column":83}},"5":{"start":{"line":6,"column":4},"end":{"line":6,"column":33}},"6":{"start":{"line":6,"column":26},"end":{"line":6,"column":33}},"7":{"start":{"line":7,"column":4},"end":{"line":7,"column":17}},"8":{"start":{"line":9,"column":19},"end":{"line":11,"column":1}},"9":{"start":{"line":10,"column":4},"end":{"line":10,"column":103}},"10":{"start":{"line":10,"column":21},"end":{"line":10,"column":103}},"11":{"start":{"line":10,"column":72},"end":{"line":10,"column":103}},"12":{"start":{"line":12,"column":0},"end":{"line":12,"column":62}},"13":{"start":{"line":13,"column":0},"end":{"line":13,"column":46}},"14":{"start":{"line":14,"column":0},"end":{"line":14,"column":46}},"15":{"start":{"line":15,"column":0},"end":{"line":15,"column":46}},"16":{"start":{"line":16,"column":0},"end":{"line":16,"column":45}},"17":{"start":{"line":17,"column":0},"end":{"line":17,"column":47}},"18":{"start":{"line":18,"column":0},"end":{"line":18,"column":46}},"19":{"start":{"line":19,"column":0},"end":{"line":19,"column":51}},"20":{"start":{"line":20,"column":0},"end":{"line":20,"column":49}},"21":{"start":{"line":21,"column":0},"end":{"line":21,"column":44}},"22":{"start":{"line":22,"column":0},"end":{"line":22,"column":45}},"23":{"start":{"line":23,"column":0},"end":{"line":23,"column":47}}},"fnMap":{"0":{"name":"(anonymous_0)","decl":{"start":{"line":2,"column":74},"end":{"line":2,"column":75}},"loc":{"start":{"line":2,"column":96},"end":{"line":5,"column":1}},"line":2},"1":{"name":"(anonymous_1)","decl":{"start":{"line":4,"column":58},"end":{"line":4,"column":59}},"loc":{"start":{"line":4,"column":69},"end":{"line":4,"column":85}},"line":4},"2":{"name":"(anonymous_2)","decl":{"start":{"line":5,"column":6},"end":{"line":5,"column":7}},"loc":{"start":{"line":5,"column":28},"end":{"line":8,"column":1}},"line":5},"3":{"name":"(anonymous_3)","decl":{"start":{"line":9,"column":50},"end":{"line":9,"column":51}},"loc":{"start":{"line":9,"column":71},"end":{"line":11,"column":1}},"line":9}},"branchMap":{"0":{"loc":{"start":{"line":2,"column":22},"end":{"line":8,"column":3}},"type":"binary-expr","locations":[{"start":{"line":2,"column":23},"end":{"line":2,"column":27}},{"start":{"line":2,"column":31},"end":{"line":2,"column":51}},{"start":{"line":2,"column":57},"end":{"line":8,"column":2}}],"line":2},"1":{"loc":{"start":{"line":2,"column":57},"end":{"line":8,"column":2}},"type":"cond-expr","locations":[{"start":{"line":2,"column":74},"end":{"line":5,"column":1}},{"start":{"line":5,"column":6},"end":{"line":8,"column":1}}],"line":2},"2":{"loc":{"start":{"line":3,"column":4},"end":{"line":3,"column":33}},"type":"if","locations":[{"start":{"line":3,"column":4},"end":{"line":3,"column":33}},{"start":{"line":3,"column":4},"end":{"line":3,"column":33}}],"line":3},"3":{"loc":{"start":{"line":6,"column":4},"end":{"line":6,"column":33}},"type":"if","locations":[{"start":{"line":6,"column":4},"end":{"line":6,"column":33}},{"start":{"line":6,"column":4},"end":{"line":6,"column":33}}],"line":6},"4":{"loc":{"start":{"line":9,"column":19},"end":{"line":11,"column":1}},"type":"binary-expr","locations":[{"start":{"line":9,"column":20},"end":{"line":9,"column":24}},{"start":{"line":9,"column":28},"end":{"line":9,"column":45}},{"start":{"line":9,"column":50},"end":{"line":11,"column":1}}],"line":9},"5":{"loc":{"start":{"line":10,"column":21},"end":{"line":10,"column":103}},"type":"if","locations":[{"start":{"line":10,"column":21},"end":{"line":10,"column":103}},{"start":{"line":10,"column":21},"end":{"line":10,"column":103}}],"line":10},"6":{"loc":{"start":{"line":10,"column":25},"end":{"line":10,"column":70}},"type":"binary-expr","locations":[{"start":{"line":10,"column":25},"end":{"line":10,"column":40}},{"start":{"line":10,"column":44},"end":{"line":10,"column":70}}],"line":10}},"s":{"0":1,"1":22,"2":22,"3":22,"4":764,"5":0,"6":0,"7":0,"8":1,"9":11,"10":22,"11":22,"12":1,"13":1,"14":1,"15":1,"16":1,"17":1,"18":1,"19":1,"20":1,"21":1,"22":1,"23":1},"f":{"0":22,"1":764,"2":0,"3":11},"b":{"0":[1,1,1],"1":[1,0],"2":[22,0],"3":[0,0],"4":[1,1,1],"5":[22,0],"6":[22,22]},"_coverageSchema":"43e27e138ebf9cfc5966b082cf9a028302ed4184","hash":"4dca1401d4a0c45d3fa514cd844a0844498054f1","contentHash":"3dc644fa1c985884468f1f765dac335d4a250b39b36ca3bfb261f1279f3d5d20"},"/Users/aonsolutions/eclipse-workspace/aon.parent/aon-tedi-application/src/tedi-ewok/TediArray.ts":{"path":"/Users/aonsolutions/eclipse-workspace/aon.parent/aon-tedi-application/src/tedi-ewok/TediArray.ts","statementMap":{"0":{"start":{"line":2,"column":0},"end":{"line":2,"column":62}},"1":{"start":{"line":3,"column":0},"end":{"line":3,"column":22}},"2":{"start":{"line":5,"column":4},"end":{"line":8,"column":11}},"3":{"start":{"line":6,"column":8},"end":{"line":6,"column":45}},"4":{"start":{"line":6,"column":30},"end":{"line":6,"column":43}},"5":{"start":{"line":7,"column":8},"end":{"line":7,"column":19}},"6":{"start":{"line":10,"column":0},"end":{"line":10,"column":20}}},"fnMap":{"0":{"name":"flat","decl":{"start":{"line":4,"column":9},"end":{"line":4,"column":13}},"loc":{"start":{"line":4,"column":19},"end":{"line":9,"column":1}},"line":4},"1":{"name":"(anonymous_1)","decl":{"start":{"line":5,"column":22},"end":{"line":5,"column":23}},"loc":{"start":{"line":5,"column":37},"end":{"line":8,"column":5}},"line":5},"2":{"name":"(anonymous_2)","decl":{"start":{"line":6,"column":21},"end":{"line":6,"column":22}},"loc":{"start":{"line":6,"column":30},"end":{"line":6,"column":43}},"line":6}},"branchMap":{},"s":{"0":1,"1":1,"2":8,"3":29,"4":1365,"5":29,"6":1},"f":{"0":8,"1":29,"2":1365},"b":{},"_coverageSchema":"43e27e138ebf9cfc5966b082cf9a028302ed4184","hash":"27cf783e16734acec36edceb03ec86746d97dd4f","contentHash":"72f05f06d552dd72c43817e6188856bc17b3247146e4fe49f044a869b3e5c6f5"},"/Users/aonsolutions/eclipse-workspace/aon.parent/aon-tedi-application/src/tedi-ewok/TediModel.ts":{"path":"/Users/aonsolutions/eclipse-workspace/aon.parent/aon-tedi-application/src/tedi-ewok/TediModel.ts","statementMap":{"0":{"start":{"line":12,"column":0},"end":{"line":12,"column":62}},"1":{"start":{"line":13,"column":0},"end":{"line":13,"column":277}},"2":{"start":{"line":15,"column":0},"end":{"line":19,"column":68}},"3":{"start":{"line":16,"column":4},"end":{"line":16,"column":39}},"4":{"start":{"line":17,"column":4},"end":{"line":17,"column":41}},"5":{"start":{"line":18,"column":4},"end":{"line":18,"column":37}},"6":{"start":{"line":21,"column":0},"end":{"line":30,"column":74}},"7":{"start":{"line":22,"column":4},"end":{"line":22,"column":37}},"8":{"start":{"line":23,"column":4},"end":{"line":23,"column":41}},"9":{"start":{"line":24,"column":4},"end":{"line":24,"column":43}},"10":{"start":{"line":25,"column":4},"end":{"line":25,"column":43}},"11":{"start":{"line":26,"column":4},"end":{"line":26,"column":41}},"12":{"start":{"line":27,"column":4},"end":{"line":27,"column":37}},"13":{"start":{"line":28,"column":4},"end":{"line":28,"column":45}},"14":{"start":{"line":29,"column":4},"end":{"line":29,"column":55}},"15":{"start":{"line":32,"column":0},"end":{"line":36,"column":95}},"16":{"start":{"line":33,"column":4},"end":{"line":33,"column":46}},"17":{"start":{"line":34,"column":4},"end":{"line":34,"column":46}},"18":{"start":{"line":35,"column":4},"end":{"line":35,"column":46}},"19":{"start":{"line":38,"column":0},"end":{"line":44,"column":89}},"20":{"start":{"line":39,"column":4},"end":{"line":39,"column":38}},"21":{"start":{"line":40,"column":4},"end":{"line":40,"column":40}},"22":{"start":{"line":41,"column":4},"end":{"line":41,"column":40}},"23":{"start":{"line":42,"column":4},"end":{"line":42,"column":38}},"24":{"start":{"line":43,"column":4},"end":{"line":43,"column":38}},"25":{"start":{"line":46,"column":0},"end":{"line":49,"column":56}},"26":{"start":{"line":47,"column":4},"end":{"line":47,"column":27}},"27":{"start":{"line":48,"column":4},"end":{"line":48,"column":29}},"28":{"start":{"line":51,"column":0},"end":{"line":57,"column":62}},"29":{"start":{"line":52,"column":4},"end":{"line":52,"column":31}},"30":{"start":{"line":53,"column":4},"end":{"line":53,"column":31}},"31":{"start":{"line":54,"column":4},"end":{"line":54,"column":39}},"32":{"start":{"line":55,"column":4},"end":{"line":55,"column":31}},"33":{"start":{"line":56,"column":4},"end":{"line":56,"column":33}},"34":{"start":{"line":59,"column":0},"end":{"line":82,"column":80}},"35":{"start":{"line":60,"column":4},"end":{"line":60,"column":39}},"36":{"start":{"line":61,"column":4},"end":{"line":61,"column":39}},"37":{"start":{"line":62,"column":4},"end":{"line":62,"column":39}},"38":{"start":{"line":63,"column":4},"end":{"line":63,"column":39}},"39":{"start":{"line":64,"column":4},"end":{"line":64,"column":39}},"40":{"start":{"line":65,"column":4},"end":{"line":65,"column":39}},"41":{"start":{"line":66,"column":4},"end":{"line":66,"column":39}},"42":{"start":{"line":67,"column":4},"end":{"line":67,"column":39}},"43":{"start":{"line":68,"column":4},"end":{"line":68,"column":39}},"44":{"start":{"line":69,"column":4},"end":{"line":69,"column":39}},"45":{"start":{"line":70,"column":4},"end":{"line":70,"column":39}},"46":{"start":{"line":71,"column":4},"end":{"line":71,"column":39}},"47":{"start":{"line":72,"column":4},"end":{"line":72,"column":39}},"48":{"start":{"line":73,"column":4},"end":{"line":73,"column":39}},"49":{"start":{"line":74,"column":4},"end":{"line":74,"column":39}},"50":{"start":{"line":75,"column":4},"end":{"line":75,"column":39}},"51":{"start":{"line":76,"column":4},"end":{"line":76,"column":39}},"52":{"start":{"line":77,"column":4},"end":{"line":77,"column":39}},"53":{"start":{"line":78,"column":4},"end":{"line":78,"column":39}},"54":{"start":{"line":79,"column":4},"end":{"line":79,"column":39}},"55":{"start":{"line":80,"column":4},"end":{"line":80,"column":39}},"56":{"start":{"line":81,"column":4},"end":{"line":81,"column":39}},"57":{"start":{"line":84,"column":0},"end":{"line":91,"column":74}},"58":{"start":{"line":85,"column":4},"end":{"line":85,"column":33}},"59":{"start":{"line":86,"column":4},"end":{"line":86,"column":39}},"60":{"start":{"line":87,"column":4},"end":{"line":87,"column":39}},"61":{"start":{"line":88,"column":4},"end":{"line":88,"column":39}},"62":{"start":{"line":89,"column":4},"end":{"line":89,"column":39}},"63":{"start":{"line":90,"column":4},"end":{"line":90,"column":39}},"64":{"start":{"line":93,"column":0},"end":{"line":100,"column":86}},"65":{"start":{"line":94,"column":4},"end":{"line":94,"column":41}},"66":{"start":{"line":95,"column":4},"end":{"line":95,"column":51}},"67":{"start":{"line":96,"column":4},"end":{"line":96,"column":51}},"68":{"start":{"line":97,"column":4},"end":{"line":97,"column":55}},"69":{"start":{"line":98,"column":4},"end":{"line":98,"column":45}},"70":{"start":{"line":99,"column":4},"end":{"line":99,"column":39}},"71":{"start":{"line":102,"column":0},"end":{"line":109,"column":71}},"72":{"start":{"line":103,"column":4},"end":{"line":103,"column":37}},"73":{"start":{"line":104,"column":4},"end":{"line":104,"column":34}},"74":{"start":{"line":105,"column":4},"end":{"line":105,"column":34}},"75":{"start":{"line":106,"column":4},"end":{"line":106,"column":34}},"76":{"start":{"line":107,"column":4},"end":{"line":107,"column":38}},"77":{"start":{"line":108,"column":4},"end":{"line":108,"column":36}},"78":{"start":{"line":111,"column":0},"end":{"line":114,"column":77}},"79":{"start":{"line":112,"column":4},"end":{"line":112,"column":34}},"80":{"start":{"line":113,"column":4},"end":{"line":113,"column":36}}},"fnMap":{"0":{"name":"(anonymous_0)","decl":{"start":{"line":15,"column":1},"end":{"line":15,"column":2}},"loc":{"start":{"line":15,"column":24},"end":{"line":19,"column":1}},"line":15},"1":{"name":"(anonymous_1)","decl":{"start":{"line":21,"column":1},"end":{"line":21,"column":2}},"loc":{"start":{"line":21,"column":26},"end":{"line":30,"column":1}},"line":21},"2":{"name":"(anonymous_2)","decl":{"start":{"line":32,"column":1},"end":{"line":32,"column":2}},"loc":{"start":{"line":32,"column":33},"end":{"line":36,"column":1}},"line":32},"3":{"name":"(anonymous_3)","decl":{"start":{"line":38,"column":1},"end":{"line":38,"column":2}},"loc":{"start":{"line":38,"column":31},"end":{"line":44,"column":1}},"line":38},"4":{"name":"(anonymous_4)","decl":{"start":{"line":46,"column":1},"end":{"line":46,"column":2}},"loc":{"start":{"line":46,"column":20},"end":{"line":49,"column":1}},"line":46},"5":{"name":"(anonymous_5)","decl":{"start":{"line":51,"column":1},"end":{"line":51,"column":2}},"loc":{"start":{"line":51,"column":22},"end":{"line":57,"column":1}},"line":51},"6":{"name":"(anonymous_6)","decl":{"start":{"line":59,"column":1},"end":{"line":59,"column":2}},"loc":{"start":{"line":59,"column":28},"end":{"line":82,"column":1}},"line":59},"7":{"name":"(anonymous_7)","decl":{"start":{"line":84,"column":1},"end":{"line":84,"column":2}},"loc":{"start":{"line":84,"column":26},"end":{"line":91,"column":1}},"line":84},"8":{"name":"(anonymous_8)","decl":{"start":{"line":93,"column":1},"end":{"line":93,"column":2}},"loc":{"start":{"line":93,"column":30},"end":{"line":100,"column":1}},"line":93},"9":{"name":"(anonymous_9)","decl":{"start":{"line":102,"column":1},"end":{"line":102,"column":2}},"loc":{"start":{"line":102,"column":25},"end":{"line":109,"column":1}},"line":102},"10":{"name":"(anonymous_10)","decl":{"start":{"line":111,"column":1},"end":{"line":111,"column":2}},"loc":{"start":{"line":111,"column":27},"end":{"line":114,"column":1}},"line":111}},"branchMap":{"0":{"loc":{"start":{"line":19,"column":17},"end":{"line":19,"column":66}},"type":"binary-expr","locations":[{"start":{"line":19,"column":17},"end":{"line":19,"column":36}},{"start":{"line":19,"column":41},"end":{"line":19,"column":65}}],"line":19},"1":{"loc":{"start":{"line":30,"column":19},"end":{"line":30,"column":72}},"type":"binary-expr","locations":[{"start":{"line":30,"column":19},"end":{"line":30,"column":40}},{"start":{"line":30,"column":45},"end":{"line":30,"column":71}}],"line":30},"2":{"loc":{"start":{"line":36,"column":26},"end":{"line":36,"column":93}},"type":"binary-expr","locations":[{"start":{"line":36,"column":26},"end":{"line":36,"column":54}},{"start":{"line":36,"column":59},"end":{"line":36,"column":92}}],"line":36},"3":{"loc":{"start":{"line":44,"column":24},"end":{"line":44,"column":87}},"type":"binary-expr","locations":[{"start":{"line":44,"column":24},"end":{"line":44,"column":50}},{"start":{"line":44,"column":55},"end":{"line":44,"column":86}}],"line":44},"4":{"loc":{"start":{"line":49,"column":13},"end":{"line":49,"column":54}},"type":"binary-expr","locations":[{"start":{"line":49,"column":13},"end":{"line":49,"column":28}},{"start":{"line":49,"column":33},"end":{"line":49,"column":53}}],"line":49},"5":{"loc":{"start":{"line":57,"column":15},"end":{"line":57,"column":60}},"type":"binary-expr","locations":[{"start":{"line":57,"column":15},"end":{"line":57,"column":32}},{"start":{"line":57,"column":37},"end":{"line":57,"column":59}}],"line":57},"6":{"loc":{"start":{"line":82,"column":21},"end":{"line":82,"column":78}},"type":"binary-expr","locations":[{"start":{"line":82,"column":21},"end":{"line":82,"column":44}},{"start":{"line":82,"column":49},"end":{"line":82,"column":77}}],"line":82},"7":{"loc":{"start":{"line":91,"column":19},"end":{"line":91,"column":72}},"type":"binary-expr","locations":[{"start":{"line":91,"column":19},"end":{"line":91,"column":40}},{"start":{"line":91,"column":45},"end":{"line":91,"column":71}}],"line":91},"8":{"loc":{"start":{"line":100,"column":23},"end":{"line":100,"column":84}},"type":"binary-expr","locations":[{"start":{"line":100,"column":23},"end":{"line":100,"column":48}},{"start":{"line":100,"column":53},"end":{"line":100,"column":83}}],"line":100},"9":{"loc":{"start":{"line":109,"column":18},"end":{"line":109,"column":69}},"type":"binary-expr","locations":[{"start":{"line":109,"column":18},"end":{"line":109,"column":38}},{"start":{"line":109,"column":43},"end":{"line":109,"column":68}}],"line":109},"10":{"loc":{"start":{"line":114,"column":20},"end":{"line":114,"column":75}},"type":"binary-expr","locations":[{"start":{"line":114,"column":20},"end":{"line":114,"column":42}},{"start":{"line":114,"column":47},"end":{"line":114,"column":74}}],"line":114}},"s":{"0":1,"1":1,"2":1,"3":1,"4":1,"5":1,"6":1,"7":1,"8":1,"9":1,"10":1,"11":1,"12":1,"13":1,"14":1,"15":1,"16":1,"17":1,"18":1,"19":1,"20":1,"21":1,"22":1,"23":1,"24":1,"25":1,"26":1,"27":1,"28":1,"29":1,"30":1,"31":1,"32":1,"33":1,"34":1,"35":1,"36":1,"37":1,"38":1,"39":1,"40":1,"41":1,"42":1,"43":1,"44":1,"45":1,"46":1,"47":1,"48":1,"49":1,"50":1,"51":1,"52":1,"53":1,"54":1,"55":1,"56":1,"57":1,"58":1,"59":1,"60":1,"61":1,"62":1,"63":1,"64":1,"65":1,"66":1,"67":1,"68":1,"69":1,"70":1,"71":1,"72":1,"73":1,"74":1,"75":1,"76":1,"77":1,"78":1,"79":1,"80":1},"f":{"0":1,"1":1,"2":1,"3":1,"4":1,"5":1,"6":1,"7":1,"8":1,"9":1,"10":1},"b":{"0":[1,1],"1":[1,1],"2":[1,1],"3":[1,1],"4":[1,1],"5":[1,1],"6":[1,1],"7":[1,1],"8":[1,1],"9":[1,1],"10":[1,1]},"_coverageSchema":"43e27e138ebf9cfc5966b082cf9a028302ed4184","hash":"a0118c93bcbe5b08ff3976d844fce468e14fe4c0","contentHash":"bbacc0d4865bbee5de9ccdd63c6caf6368de2225067f607869106d2690d65884"},"/Users/aonsolutions/eclipse-workspace/aon.parent/aon-tedi-application/src/tedi-ewok/TediError.ts":{"path":"/Users/aonsolutions/eclipse-workspace/aon.parent/aon-tedi-application/src/tedi-ewok/TediError.ts","statementMap":{"0":{"start":{"line":2,"column":0},"end":{"line":2,"column":62}},"1":{"start":{"line":3,"column":0},"end":{"line":3,"column":27}},"2":{"start":{"line":6,"column":8},"end":{"line":6,"column":23}},"3":{"start":{"line":7,"column":8},"end":{"line":7,"column":37}},"4":{"start":{"line":10,"column":0},"end":{"line":10,"column":30}}},"fnMap":{"0":{"name":"(anonymous_0)","decl":{"start":{"line":5,"column":4},"end":{"line":5,"column":5}},"loc":{"start":{"line":5,"column":37},"end":{"line":8,"column":5}},"line":5}},"branchMap":{},"s":{"0":1,"1":1,"2":534,"3":534,"4":1},"f":{"0":534},"b":{},"_coverageSchema":"43e27e138ebf9cfc5966b082cf9a028302ed4184","hash":"ee5ff41439d510c625d150fd72e94193bc970308","contentHash":"5455d609cfefa746ad88ed93965fe5e5f8d362d2a2de0674b703a32712f8994e"},"/Users/aonsolutions/eclipse-workspace/aon.parent/aon-tedi-application/src/tedi-ewok/TediMath.ts":{"path":"/Users/aonsolutions/eclipse-workspace/aon.parent/aon-tedi-application/src/tedi-ewok/TediMath.ts","statementMap":{"0":{"start":{"line":2,"column":0},"end":{"line":2,"column":62}},"1":{"start":{"line":3,"column":0},"end":{"line":3,"column":26}},"2":{"start":{"line":16,"column":8},"end":{"line":16,"column":41}},"3":{"start":{"line":19,"column":8},"end":{"line":21,"column":9}},"4":{"start":{"line":20,"column":12},"end":{"line":20,"column":20}},"5":{"start":{"line":22,"column":8},"end":{"line":24,"column":9}},"6":{"start":{"line":23,"column":12},"end":{"line":23,"column":23}},"7":{"start":{"line":25,"column":8},"end":{"line":25,"column":21}},"8":{"start":{"line":28,"column":8},"end":{"line":30,"column":9}},"9":{"start":{"line":29,"column":12},"end":{"line":29,"column":20}},"10":{"start":{"line":31,"column":8},"end":{"line":33,"column":9}},"11":{"start":{"line":32,"column":12},"end":{"line":32,"column":37}},"12":{"start":{"line":34,"column":8},"end":{"line":34,"column":23}},"13":{"start":{"line":35,"column":8},"end":{"line":35,"column":19}},"14":{"start":{"line":36,"column":8},"end":{"line":38,"column":9}},"15":{"start":{"line":37,"column":12},"end":{"line":37,"column":23}},"16":{"start":{"line":40,"column":16},"end":{"line":40,"column":43}},"17":{"start":{"line":41,"column":8},"end":{"line":41,"column":71}},"18":{"start":{"line":43,"column":8},"end":{"line":43,"column":40}},"19":{"start":{"line":44,"column":8},"end":{"line":44,"column":59}},"20":{"start":{"line":47,"column":0},"end":{"line":47,"column":28}}},"fnMap":{"0":{"name":"(anonymous_0)","decl":{"start":{"line":15,"column":4},"end":{"line":15,"column":5}},"loc":{"start":{"line":15,"column":30},"end":{"line":17,"column":5}},"line":15},"1":{"name":"(anonymous_1)","decl":{"start":{"line":18,"column":4},"end":{"line":18,"column":5}},"loc":{"start":{"line":18,"column":30},"end":{"line":26,"column":5}},"line":18},"2":{"name":"(anonymous_2)","decl":{"start":{"line":27,"column":4},"end":{"line":27,"column":5}},"loc":{"start":{"line":27,"column":29},"end":{"line":45,"column":5}},"line":27}},"branchMap":{"0":{"loc":{"start":{"line":19,"column":8},"end":{"line":21,"column":9}},"type":"if","locations":[{"start":{"line":19,"column":8},"end":{"line":21,"column":9}},{"start":{"line":19,"column":8},"end":{"line":21,"column":9}}],"line":19},"1":{"loc":{"start":{"line":22,"column":8},"end":{"line":24,"column":9}},"type":"if","locations":[{"start":{"line":22,"column":8},"end":{"line":24,"column":9}},{"start":{"line":22,"column":8},"end":{"line":24,"column":9}}],"line":22},"2":{"loc":{"start":{"line":22,"column":12},"end":{"line":22,"column":87}},"type":"binary-expr","locations":[{"start":{"line":22,"column":12},"end":{"line":22,"column":31}},{"start":{"line":22,"column":35},"end":{"line":22,"column":49}},{"start":{"line":22,"column":53},"end":{"line":22,"column":65}},{"start":{"line":22,"column":69},"end":{"line":22,"column":87}}],"line":22},"3":{"loc":{"start":{"line":28,"column":8},"end":{"line":30,"column":9}},"type":"if","locations":[{"start":{"line":28,"column":8},"end":{"line":30,"column":9}},{"start":{"line":28,"column":8},"end":{"line":30,"column":9}}],"line":28},"4":{"loc":{"start":{"line":31,"column":8},"end":{"line":33,"column":9}},"type":"if","locations":[{"start":{"line":31,"column":8},"end":{"line":33,"column":9}},{"start":{"line":31,"column":8},"end":{"line":33,"column":9}}],"line":31},"5":{"loc":{"start":{"line":31,"column":12},"end":{"line":31,"column":52}},"type":"binary-expr","locations":[{"start":{"line":31,"column":12},"end":{"line":31,"column":38}},{"start":{"line":31,"column":42},"end":{"line":31,"column":52}}],"line":31},"6":{"loc":{"start":{"line":36,"column":8},"end":{"line":38,"column":9}},"type":"if","locations":[{"start":{"line":36,"column":8},"end":{"line":38,"column":9}},{"start":{"line":36,"column":8},"end":{"line":38,"column":9}}],"line":36},"7":{"loc":{"start":{"line":36,"column":12},"end":{"line":36,"column":71}},"type":"binary-expr","locations":[{"start":{"line":36,"column":12},"end":{"line":36,"column":24}},{"start":{"line":36,"column":28},"end":{"line":36,"column":71}}],"line":36},"8":{"loc":{"start":{"line":36,"column":30},"end":{"line":36,"column":70}},"type":"binary-expr","locations":[{"start":{"line":36,"column":30},"end":{"line":36,"column":53}},{"start":{"line":36,"column":57},"end":{"line":36,"column":70}}],"line":36},"9":{"loc":{"start":{"line":41,"column":43},"end":{"line":41,"column":67}},"type":"cond-expr","locations":[{"start":{"line":41,"column":50},"end":{"line":41,"column":61}},{"start":{"line":41,"column":64},"end":{"line":41,"column":67}}],"line":41},"10":{"loc":{"start":{"line":44,"column":31},"end":{"line":44,"column":56}},"type":"cond-expr","locations":[{"start":{"line":44,"column":38},"end":{"line":44,"column":49}},{"start":{"line":44,"column":52},"end":{"line":44,"column":56}}],"line":44}},"s":{"0":1,"1":1,"2":0,"3":0,"4":0,"5":0,"6":0,"7":0,"8":0,"9":0,"10":0,"11":0,"12":0,"13":0,"14":0,"15":0,"16":0,"17":0,"18":0,"19":0,"20":1},"f":{"0":0,"1":0,"2":0},"b":{"0":[0,0],"1":[0,0],"2":[0,0,0,0],"3":[0,0],"4":[0,0],"5":[0,0],"6":[0,0],"7":[0,0],"8":[0,0],"9":[0,0],"10":[0,0]},"_coverageSchema":"43e27e138ebf9cfc5966b082cf9a028302ed4184","hash":"269237372d382704ef1a11231f648db0156723dc","contentHash":"d9c9cedfb2e1d754d459233805e1b5cc979cdbcf8f12016097bdacb652faf93e"},"/Users/aonsolutions/eclipse-workspace/aon.parent/aon-tedi-application/src/tedi-ewok/TediString.ts":{"path":"/Users/aonsolutions/eclipse-workspace/aon.parent/aon-tedi-application/src/tedi-ewok/TediString.ts","statementMap":{"0":{"start":{"line":2,"column":22},"end":{"line":4,"column":1}},"1":{"start":{"line":3,"column":4},"end":{"line":3,"column":62}},"2":{"start":{"line":5,"column":0},"end":{"line":5,"column":62}},"3":{"start":{"line":6,"column":0},"end":{"line":6,"column":28}},"4":{"start":{"line":17,"column":15},"end":{"line":17,"column":47}},"5":{"start":{"line":20,"column":8},"end":{"line":20,"column":83}},"6":{"start":{"line":23,"column":8},"end":{"line":23,"column":84}},"7":{"start":{"line":26,"column":8},"end":{"line":26,"column":104}},"8":{"start":{"line":29,"column":8},"end":{"line":29,"column":56}},"9":{"start":{"line":32,"column":8},"end":{"line":32,"column":44}},"10":{"start":{"line":35,"column":8},"end":{"line":35,"column":78}},"11":{"start":{"line":38,"column":8},"end":{"line":40,"column":9}},"12":{"start":{"line":39,"column":12},"end":{"line":39,"column":22}},"13":{"start":{"line":41,"column":8},"end":{"line":41,"column":47}},"14":{"start":{"line":42,"column":8},"end":{"line":42,"column":44}},"15":{"start":{"line":45,"column":0},"end":{"line":45,"column":32}}},"fnMap":{"0":{"name":"(anonymous_0)","decl":{"start":{"line":2,"column":56},"end":{"line":2,"column":57}},"loc":{"start":{"line":2,"column":71},"end":{"line":4,"column":1}},"line":2},"1":{"name":"(anonymous_1)","decl":{"start":{"line":19,"column":4},"end":{"line":19,"column":5}},"loc":{"start":{"line":19,"column":33},"end":{"line":21,"column":5}},"line":19},"2":{"name":"(anonymous_2)","decl":{"start":{"line":22,"column":4},"end":{"line":22,"column":5}},"loc":{"start":{"line":22,"column":33},"end":{"line":24,"column":5}},"line":22},"3":{"name":"(anonymous_3)","decl":{"start":{"line":25,"column":4},"end":{"line":25,"column":5}},"loc":{"start":{"line":25,"column":28},"end":{"line":27,"column":5}},"line":25},"4":{"name":"(anonymous_4)","decl":{"start":{"line":28,"column":4},"end":{"line":28,"column":5}},"loc":{"start":{"line":28,"column":37},"end":{"line":30,"column":5}},"line":28},"5":{"name":"(anonymous_5)","decl":{"start":{"line":31,"column":4},"end":{"line":31,"column":5}},"loc":{"start":{"line":31,"column":25},"end":{"line":33,"column":5}},"line":31},"6":{"name":"(anonymous_6)","decl":{"start":{"line":34,"column":4},"end":{"line":34,"column":5}},"loc":{"start":{"line":34,"column":34},"end":{"line":36,"column":5}},"line":34},"7":{"name":"(anonymous_7)","decl":{"start":{"line":37,"column":4},"end":{"line":37,"column":5}},"loc":{"start":{"line":37,"column":27},"end":{"line":43,"column":5}},"line":37}},"branchMap":{"0":{"loc":{"start":{"line":2,"column":22},"end":{"line":4,"column":1}},"type":"binary-expr","locations":[{"start":{"line":2,"column":23},"end":{"line":2,"column":27}},{"start":{"line":2,"column":31},"end":{"line":2,"column":51}},{"start":{"line":2,"column":56},"end":{"line":4,"column":1}}],"line":2},"1":{"loc":{"start":{"line":3,"column":11},"end":{"line":3,"column":61}},"type":"cond-expr","locations":[{"start":{"line":3,"column":37},"end":{"line":3,"column":40}},{"start":{"line":3,"column":43},"end":{"line":3,"column":61}}],"line":3},"2":{"loc":{"start":{"line":3,"column":12},"end":{"line":3,"column":33}},"type":"binary-expr","locations":[{"start":{"line":3,"column":12},"end":{"line":3,"column":15}},{"start":{"line":3,"column":19},"end":{"line":3,"column":33}}],"line":3},"3":{"loc":{"start":{"line":20,"column":15},"end":{"line":20,"column":82}},"type":"cond-expr","locations":[{"start":{"line":20,"column":70},"end":{"line":20,"column":77}},{"start":{"line":20,"column":80},"end":{"line":20,"column":82}}],"line":20},"4":{"loc":{"start":{"line":20,"column":15},"end":{"line":20,"column":67}},"type":"binary-expr","locations":[{"start":{"line":20,"column":15},"end":{"line":20,"column":22}},{"start":{"line":20,"column":26},"end":{"line":20,"column":47}},{"start":{"line":20,"column":51},"end":{"line":20,"column":67}}],"line":20},"5":{"loc":{"start":{"line":23,"column":15},"end":{"line":23,"column":83}},"type":"cond-expr","locations":[{"start":{"line":23,"column":70},"end":{"line":23,"column":77}},{"start":{"line":23,"column":80},"end":{"line":23,"column":83}}],"line":23},"6":{"loc":{"start":{"line":23,"column":15},"end":{"line":23,"column":67}},"type":"binary-expr","locations":[{"start":{"line":23,"column":15},"end":{"line":23,"column":22}},{"start":{"line":23,"column":26},"end":{"line":23,"column":47}},{"start":{"line":23,"column":51},"end":{"line":23,"column":67}}],"line":23},"7":{"loc":{"start":{"line":26,"column":15},"end":{"line":26,"column":103}},"type":"binary-expr","locations":[{"start":{"line":26,"column":15},"end":{"line":26,"column":23}},{"start":{"line":26,"column":27},"end":{"line":26,"column":48}},{"start":{"line":26,"column":52},"end":{"line":26,"column":68}},{"start":{"line":26,"column":72},"end":{"line":26,"column":103}}],"line":26},"8":{"loc":{"start":{"line":38,"column":8},"end":{"line":40,"column":9}},"type":"if","locations":[{"start":{"line":38,"column":8},"end":{"line":40,"column":9}},{"start":{"line":38,"column":8},"end":{"line":40,"column":9}}],"line":38}},"s":{"0":1,"1":1,"2":1,"3":1,"4":1,"5":0,"6":0,"7":0,"8":0,"9":6,"10":0,"11":20,"12":0,"13":20,"14":20,"15":1},"f":{"0":1,"1":0,"2":0,"3":0,"4":0,"5":6,"6":0,"7":20},"b":{"0":[1,1,1],"1":[0,1],"2":[1,1],"3":[0,0],"4":[0,0,0],"5":[0,0],"6":[0,0,0],"7":[0,0,0,0],"8":[0,20]},"_coverageSchema":"43e27e138ebf9cfc5966b082cf9a028302ed4184","hash":"55b4d3baa149b6a413cae978c78d175938be885f","contentHash":"b54599840be55d600c2072f45afc080ef865fe4f858bf20043625c7a302935ae"},"/Users/aonsolutions/eclipse-workspace/aon.parent/aon-tedi-application/src/tedi-ewok/TediPrint.ts":{"path":"/Users/aonsolutions/eclipse-workspace/aon.parent/aon-tedi-application/src/tedi-ewok/TediPrint.ts","statementMap":{"0":{"start":{"line":2,"column":0},"end":{"line":2,"column":62}},"1":{"start":{"line":3,"column":0},"end":{"line":3,"column":27}},"2":{"start":{"line":4,"column":21},"end":{"line":4,"column":44}},"3":{"start":{"line":8,"column":8},"end":{"line":8,"column":51}},"4":{"start":{"line":11,"column":8},"end":{"line":11,"column":54}},"5":{"start":{"line":14,"column":23},"end":{"line":14,"column":26}},"6":{"start":{"line":15,"column":8},"end":{"line":15,"column":113}},"7":{"start":{"line":16,"column":8},"end":{"line":16,"column":22}},"8":{"start":{"line":17,"column":8},"end":{"line":24,"column":89}},"9":{"start":{"line":25,"column":8},"end":{"line":25,"column":133}},"10":{"start":{"line":26,"column":8},"end":{"line":26,"column":166}},"11":{"start":{"line":27,"column":8},"end":{"line":46,"column":9}},"12":{"start":{"line":28,"column":12},"end":{"line":44,"column":27}},"13":{"start":{"line":45,"column":12},"end":{"line":45,"column":50}},"14":{"start":{"line":47,"column":8},"end":{"line":65,"column":9}},"15":{"start":{"line":48,"column":12},"end":{"line":64,"column":27}},"16":{"start":{"line":66,"column":8},"end":{"line":66,"column":39}},"17":{"start":{"line":67,"column":8},"end":{"line":67,"column":37}},"18":{"start":{"line":68,"column":8},"end":{"line":68,"column":48}},"19":{"start":{"line":69,"column":8},"end":{"line":69,"column":40}},"20":{"start":{"line":70,"column":8},"end":{"line":70,"column":65}},"21":{"start":{"line":73,"column":0},"end":{"line":73,"column":30}}},"fnMap":{"0":{"name":"(anonymous_0)","decl":{"start":{"line":7,"column":4},"end":{"line":7,"column":5}},"loc":{"start":{"line":7,"column":27},"end":{"line":9,"column":5}},"line":7},"1":{"name":"(anonymous_1)","decl":{"start":{"line":10,"column":4},"end":{"line":10,"column":5}},"loc":{"start":{"line":10,"column":33},"end":{"line":12,"column":5}},"line":10},"2":{"name":"(anonymous_2)","decl":{"start":{"line":13,"column":4},"end":{"line":13,"column":5}},"loc":{"start":{"line":13,"column":33},"end":{"line":71,"column":5}},"line":13}},"branchMap":{"0":{"loc":{"start":{"line":22,"column":13},"end":{"line":22,"column":80}},"type":"cond-expr","locations":[{"start":{"line":22,"column":47},"end":{"line":22,"column":75}},{"start":{"line":22,"column":78},"end":{"line":22,"column":80}}],"line":22},"1":{"loc":{"start":{"line":23,"column":13},"end":{"line":23,"column":77}},"type":"cond-expr","locations":[{"start":{"line":23,"column":44},"end":{"line":23,"column":72}},{"start":{"line":23,"column":75},"end":{"line":23,"column":77}}],"line":23},"2":{"loc":{"start":{"line":24,"column":13},"end":{"line":24,"column":77}},"type":"cond-expr","locations":[{"start":{"line":24,"column":44},"end":{"line":24,"column":72}},{"start":{"line":24,"column":75},"end":{"line":24,"column":77}}],"line":24},"3":{"loc":{"start":{"line":25,"column":60},"end":{"line":25,"column":121}},"type":"cond-expr","locations":[{"start":{"line":25,"column":83},"end":{"line":25,"column":85}},{"start":{"line":25,"column":88},"end":{"line":25,"column":121}}],"line":25},"4":{"loc":{"start":{"line":26,"column":83},"end":{"line":26,"column":154}},"type":"cond-expr","locations":[{"start":{"line":26,"column":116},"end":{"line":26,"column":149}},{"start":{"line":26,"column":152},"end":{"line":26,"column":154}}],"line":26},"5":{"loc":{"start":{"line":27,"column":8},"end":{"line":46,"column":9}},"type":"if","locations":[{"start":{"line":27,"column":8},"end":{"line":46,"column":9}},{"start":{"line":27,"column":8},"end":{"line":46,"column":9}}],"line":27},"6":{"loc":{"start":{"line":34,"column":17},"end":{"line":44,"column":24}},"type":"cond-expr","locations":[{"start":{"line":35,"column":22},"end":{"line":43,"column":54}},{"start":{"line":44,"column":22},"end":{"line":44,"column":24}}],"line":34},"7":{"loc":{"start":{"line":47,"column":8},"end":{"line":65,"column":9}},"type":"if","locations":[{"start":{"line":47,"column":8},"end":{"line":65,"column":9}},{"start":{"line":47,"column":8},"end":{"line":65,"column":9}}],"line":47},"8":{"loc":{"start":{"line":54,"column":17},"end":{"line":64,"column":24}},"type":"cond-expr","locations":[{"start":{"line":55,"column":22},"end":{"line":63,"column":56}},{"start":{"line":64,"column":22},"end":{"line":64,"column":24}}],"line":54}},"s":{"0":1,"1":1,"2":1,"3":0,"4":0,"5":0,"6":0,"7":0,"8":0,"9":0,"10":0,"11":0,"12":0,"13":0,"14":0,"15":0,"16":0,"17":0,"18":0,"19":0,"20":0,"21":1},"f":{"0":0,"1":0,"2":0},"b":{"0":[0,0],"1":[0,0],"2":[0,0],"3":[0,0],"4":[0,0],"5":[0,0],"6":[0,0],"7":[0,0],"8":[0,0]},"_coverageSchema":"43e27e138ebf9cfc5966b082cf9a028302ed4184","hash":"44a7d9d90690911d206e905073edd13515715cd6","contentHash":"84c4d6be349ffee4b0c9a694893391e69f09644b2ea462e91a3e14bb985d8c2e"},"/Users/aonsolutions/eclipse-workspace/aon.parent/aon-tedi-application/src/tedi-ewok/TediCalculator.ts":{"path":"/Users/aonsolutions/eclipse-workspace/aon.parent/aon-tedi-application/src/tedi-ewok/TediCalculator.ts","statementMap":{"0":{"start":{"line":2,"column":0},"end":{"line":2,"column":62}},"1":{"start":{"line":3,"column":0},"end":{"line":3,"column":32}},"2":{"start":{"line":4,"column":19},"end":{"line":4,"column":40}},"3":{"start":{"line":5,"column":20},"end":{"line":5,"column":42}},"4":{"start":{"line":18,"column":8},"end":{"line":18,"column":27}},"5":{"start":{"line":19,"column":8},"end":{"line":45,"column":9}},"6":{"start":{"line":20,"column":12},"end":{"line":44,"column":15}},"7":{"start":{"line":21,"column":16},"end":{"line":23,"column":17}},"8":{"start":{"line":22,"column":20},"end":{"line":22,"column":37}},"9":{"start":{"line":24,"column":16},"end":{"line":26,"column":17}},"10":{"start":{"line":25,"column":20},"end":{"line":25,"column":40}},"11":{"start":{"line":27,"column":33},"end":{"line":27,"column":63}},"12":{"start":{"line":28,"column":16},"end":{"line":30,"column":17}},"13":{"start":{"line":29,"column":20},"end":{"line":29,"column":83}},"14":{"start":{"line":31,"column":16},"end":{"line":31,"column":68}},"15":{"start":{"line":32,"column":16},"end":{"line":43,"column":17}},"16":{"start":{"line":33,"column":39},"end":{"line":38,"column":21}},"17":{"start":{"line":39,"column":20},"end":{"line":41,"column":21}},"18":{"start":{"line":40,"column":24},"end":{"line":40,"column":64}},"19":{"start":{"line":42,"column":20},"end":{"line":42,"column":65}},"20":{"start":{"line":46,"column":20},"end":{"line":46,"column":21}},"21":{"start":{"line":47,"column":8},"end":{"line":56,"column":11}},"22":{"start":{"line":48,"column":12},"end":{"line":48,"column":59}},"23":{"start":{"line":49,"column":12},"end":{"line":49,"column":85}},"24":{"start":{"line":50,"column":21},"end":{"line":50,"column":22}},"25":{"start":{"line":51,"column":12},"end":{"line":54,"column":13}},"26":{"start":{"line":52,"column":16},"end":{"line":52,"column":98}},"27":{"start":{"line":53,"column":16},"end":{"line":53,"column":41}},"28":{"start":{"line":55,"column":12},"end":{"line":55,"column":54}},"29":{"start":{"line":57,"column":8},"end":{"line":57,"column":30}},"30":{"start":{"line":58,"column":8},"end":{"line":58,"column":23}},"31":{"start":{"line":61,"column":8},"end":{"line":63,"column":9}},"32":{"start":{"line":62,"column":12},"end":{"line":62,"column":31}},"33":{"start":{"line":64,"column":20},"end":{"line":64,"column":25}},"34":{"start":{"line":65,"column":8},"end":{"line":70,"column":11}},"35":{"start":{"line":66,"column":12},"end":{"line":69,"column":13}},"36":{"start":{"line":67,"column":16},"end":{"line":67,"column":29}},"37":{"start":{"line":68,"column":16},"end":{"line":68,"column":61}},"38":{"start":{"line":71,"column":8},"end":{"line":73,"column":9}},"39":{"start":{"line":72,"column":12},"end":{"line":72,"column":36}},"40":{"start":{"line":76,"column":0},"end":{"line":76,"column":40}}},"fnMap":{"0":{"name":"(anonymous_0)","decl":{"start":{"line":17,"column":4},"end":{"line":17,"column":5}},"loc":{"start":{"line":17,"column":30},"end":{"line":59,"column":5}},"line":17},"1":{"name":"(anonymous_1)","decl":{"start":{"line":20,"column":36},"end":{"line":20,"column":37}},"loc":{"start":{"line":20,"column":46},"end":{"line":44,"column":13}},"line":20},"2":{"name":"(anonymous_2)","decl":{"start":{"line":47,"column":30},"end":{"line":47,"column":31}},"loc":{"start":{"line":47,"column":37},"end":{"line":56,"column":9}},"line":47},"3":{"name":"(anonymous_3)","decl":{"start":{"line":60,"column":4},"end":{"line":60,"column":5}},"loc":{"start":{"line":60,"column":34},"end":{"line":74,"column":5}},"line":60},"4":{"name":"(anonymous_4)","decl":{"start":{"line":65,"column":30},"end":{"line":65,"column":31}},"loc":{"start":{"line":65,"column":44},"end":{"line":70,"column":9}},"line":65}},"branchMap":{"0":{"loc":{"start":{"line":19,"column":8},"end":{"line":45,"column":9}},"type":"if","locations":[{"start":{"line":19,"column":8},"end":{"line":45,"column":9}},{"start":{"line":19,"column":8},"end":{"line":45,"column":9}}],"line":19},"1":{"loc":{"start":{"line":21,"column":16},"end":{"line":23,"column":17}},"type":"if","locations":[{"start":{"line":21,"column":16},"end":{"line":23,"column":17}},{"start":{"line":21,"column":16},"end":{"line":23,"column":17}}],"line":21},"2":{"loc":{"start":{"line":21,"column":20},"end":{"line":21,"column":69}},"type":"binary-expr","locations":[{"start":{"line":21,"column":20},"end":{"line":21,"column":46}},{"start":{"line":21,"column":50},"end":{"line":21,"column":69}}],"line":21},"3":{"loc":{"start":{"line":24,"column":16},"end":{"line":26,"column":17}},"type":"if","locations":[{"start":{"line":24,"column":16},"end":{"line":26,"column":17}},{"start":{"line":24,"column":16},"end":{"line":26,"column":17}}],"line":24},"4":{"loc":{"start":{"line":24,"column":20},"end":{"line":24,"column":75}},"type":"binary-expr","locations":[{"start":{"line":24,"column":20},"end":{"line":24,"column":49}},{"start":{"line":24,"column":53},"end":{"line":24,"column":75}}],"line":24},"5":{"loc":{"start":{"line":28,"column":16},"end":{"line":30,"column":17}},"type":"if","locations":[{"start":{"line":28,"column":16},"end":{"line":30,"column":17}},{"start":{"line":28,"column":16},"end":{"line":30,"column":17}}],"line":28},"6":{"loc":{"start":{"line":32,"column":16},"end":{"line":43,"column":17}},"type":"if","locations":[{"start":{"line":32,"column":16},"end":{"line":43,"column":17}},{"start":{"line":32,"column":16},"end":{"line":43,"column":17}}],"line":32},"7":{"loc":{"start":{"line":39,"column":20},"end":{"line":41,"column":21}},"type":"if","locations":[{"start":{"line":39,"column":20},"end":{"line":41,"column":21}},{"start":{"line":39,"column":20},"end":{"line":41,"column":21}}],"line":39},"8":{"loc":{"start":{"line":51,"column":12},"end":{"line":54,"column":13}},"type":"if","locations":[{"start":{"line":51,"column":12},"end":{"line":54,"column":13}},{"start":{"line":51,"column":12},"end":{"line":54,"column":13}}],"line":51},"9":{"loc":{"start":{"line":61,"column":8},"end":{"line":63,"column":9}},"type":"if","locations":[{"start":{"line":61,"column":8},"end":{"line":63,"column":9}},{"start":{"line":61,"column":8},"end":{"line":63,"column":9}}],"line":61},"10":{"loc":{"start":{"line":66,"column":12},"end":{"line":69,"column":13}},"type":"if","locations":[{"start":{"line":66,"column":12},"end":{"line":69,"column":13}},{"start":{"line":66,"column":12},"end":{"line":69,"column":13}}],"line":66},"11":{"loc":{"start":{"line":66,"column":16},"end":{"line":66,"column":128}},"type":"binary-expr","locations":[{"start":{"line":66,"column":16},"end":{"line":66,"column":42}},{"start":{"line":66,"column":46},"end":{"line":66,"column":86}},{"start":{"line":66,"column":90},"end":{"line":66,"column":128}}],"line":66},"12":{"loc":{"start":{"line":71,"column":8},"end":{"line":73,"column":9}},"type":"if","locations":[{"start":{"line":71,"column":8},"end":{"line":73,"column":9}},{"start":{"line":71,"column":8},"end":{"line":73,"column":9}}],"line":71}},"s":{"0":1,"1":1,"2":1,"3":1,"4":0,"5":0,"6":0,"7":0,"8":0,"9":0,"10":0,"11":0,"12":0,"13":0,"14":0,"15":0,"16":0,"17":0,"18":0,"19":0,"20":0,"21":0,"22":0,"23":0,"24":0,"25":0,"26":0,"27":0,"28":0,"29":0,"30":0,"31":0,"32":0,"33":0,"34":0,"35":0,"36":0,"37":0,"38":0,"39":0,"40":1},"f":{"0":0,"1":0,"2":0,"3":0,"4":0},"b":{"0":[0,0],"1":[0,0],"2":[0,0],"3":[0,0],"4":[0,0],"5":[0,0],"6":[0,0],"7":[0,0],"8":[0,0],"9":[0,0],"10":[0,0],"11":[0,0,0],"12":[0,0]},"_coverageSchema":"43e27e138ebf9cfc5966b082cf9a028302ed4184","hash":"c67f1319810cfbdb7168bd54883a30b2e3162b3a","contentHash":"865873076d1be15ccd4885f0540db9bc697516d5308b05f8965e57518fde7a2a"},"/Users/aonsolutions/eclipse-workspace/aon.parent/aon-tedi-application/src/tedi-ewok/TediEnumUtil.ts":{"path":"/Users/aonsolutions/eclipse-workspace/aon.parent/aon-tedi-application/src/tedi-ewok/TediEnumUtil.ts","statementMap":{"0":{"start":{"line":2,"column":0},"end":{"line":2,"column":62}},"1":{"start":{"line":3,"column":0},"end":{"line":3,"column":30}},"2":{"start":{"line":9,"column":8},"end":{"line":9,"column":80}},"3":{"start":{"line":9,"column":49},"end":{"line":9,"column":78}},"4":{"start":{"line":15,"column":8},"end":{"line":15,"column":69}},"5":{"start":{"line":15,"column":54},"end":{"line":15,"column":67}},"6":{"start":{"line":21,"column":8},"end":{"line":23,"column":11}},"7":{"start":{"line":22,"column":12},"end":{"line":22,"column":49}},"8":{"start":{"line":27,"column":0},"end":{"line":27,"column":36}}},"fnMap":{"0":{"name":"(anonymous_0)","decl":{"start":{"line":8,"column":4},"end":{"line":8,"column":5}},"loc":{"start":{"line":8,"column":26},"end":{"line":10,"column":5}},"line":8},"1":{"name":"(anonymous_1)","decl":{"start":{"line":9,"column":44},"end":{"line":9,"column":45}},"loc":{"start":{"line":9,"column":49},"end":{"line":9,"column":78}},"line":9},"2":{"name":"(anonymous_2)","decl":{"start":{"line":14,"column":4},"end":{"line":14,"column":5}},"loc":{"start":{"line":14,"column":28},"end":{"line":16,"column":5}},"line":14},"3":{"name":"(anonymous_3)","decl":{"start":{"line":15,"column":47},"end":{"line":15,"column":48}},"loc":{"start":{"line":15,"column":54},"end":{"line":15,"column":67}},"line":15},"4":{"name":"(anonymous_4)","decl":{"start":{"line":20,"column":4},"end":{"line":20,"column":5}},"loc":{"start":{"line":20,"column":37},"end":{"line":24,"column":5}},"line":20},"5":{"name":"(anonymous_5)","decl":{"start":{"line":21,"column":47},"end":{"line":21,"column":48}},"loc":{"start":{"line":21,"column":54},"end":{"line":23,"column":9}},"line":21},"6":{"name":"(anonymous_6)","decl":{"start":{"line":25,"column":4},"end":{"line":25,"column":5}},"loc":{"start":{"line":25,"column":18},"end":{"line":25,"column":21}},"line":25}},"branchMap":{},"s":{"0":1,"1":1,"2":0,"3":0,"4":0,"5":0,"6":0,"7":0,"8":1},"f":{"0":0,"1":0,"2":0,"3":0,"4":0,"5":0,"6":0},"b":{},"_coverageSchema":"43e27e138ebf9cfc5966b082cf9a028302ed4184","hash":"37e192ba8f3ca4ae36212704f7e80a322688ecd8","contentHash":"47020adc4b0a2c67b79ec626cafe52c544ee5a2b51754fff8f3b315743b818ef"},"/Users/aonsolutions/eclipse-workspace/aon.parent/aon-tedi-application/src/tedi-ewok/TediNif.ts":{"path":"/Users/aonsolutions/eclipse-workspace/aon.parent/aon-tedi-application/src/tedi-ewok/TediNif.ts","statementMap":{"0":{"start":{"line":2,"column":0},"end":{"line":2,"column":62}},"1":{"start":{"line":3,"column":0},"end":{"line":3,"column":39}},"2":{"start":{"line":5,"column":0},"end":{"line":33,"column":56}},"3":{"start":{"line":6,"column":4},"end":{"line":6,"column":27}},"4":{"start":{"line":7,"column":4},"end":{"line":7,"column":27}},"5":{"start":{"line":11,"column":4},"end":{"line":11,"column":27}},"6":{"start":{"line":15,"column":4},"end":{"line":15,"column":27}},"7":{"start":{"line":34,"column":14},"end":{"line":34,"column":27}},"8":{"start":{"line":37,"column":8},"end":{"line":37,"column":23}},"9":{"start":{"line":38,"column":8},"end":{"line":38,"column":25}},"10":{"start":{"line":41,"column":21},"end":{"line":41,"column":23}},"11":{"start":{"line":42,"column":19},"end":{"line":42,"column":186}},"12":{"start":{"line":43,"column":20},"end":{"line":43,"column":32}},"13":{"start":{"line":44,"column":20},"end":{"line":44,"column":21}},"14":{"start":{"line":45,"column":8},"end":{"line":73,"column":9}},"15":{"start":{"line":46,"column":27},"end":{"line":49,"column":35}},"16":{"start":{"line":50,"column":22},"end":{"line":50,"column":39}},"17":{"start":{"line":51,"column":12},"end":{"line":53,"column":13}},"18":{"start":{"line":52,"column":16},"end":{"line":52,"column":59}},"19":{"start":{"line":54,"column":12},"end":{"line":70,"column":13}},"20":{"start":{"line":55,"column":26},"end":{"line":55,"column":45}},"21":{"start":{"line":56,"column":27},"end":{"line":56,"column":88}},"22":{"start":{"line":57,"column":16},"end":{"line":59,"column":17}},"23":{"start":{"line":58,"column":20},"end":{"line":58,"column":93}},"24":{"start":{"line":60,"column":16},"end":{"line":66,"column":17}},"25":{"start":{"line":61,"column":20},"end":{"line":61,"column":35}},"26":{"start":{"line":62,"column":20},"end":{"line":62,"column":59}},"27":{"start":{"line":65,"column":20},"end":{"line":65,"column":45}},"28":{"start":{"line":69,"column":16},"end":{"line":69,"column":41}},"29":{"start":{"line":72,"column":12},"end":{"line":72,"column":47}},"30":{"start":{"line":74,"column":8},"end":{"line":74,"column":62}},"31":{"start":{"line":74,"column":34},"end":{"line":74,"column":60}},"32":{"start":{"line":77,"column":8},"end":{"line":79,"column":9}},"33":{"start":{"line":78,"column":12},"end":{"line":78,"column":45}},"34":{"start":{"line":80,"column":8},"end":{"line":82,"column":9}},"35":{"start":{"line":81,"column":12},"end":{"line":81,"column":45}},"36":{"start":{"line":83,"column":8},"end":{"line":85,"column":9}},"37":{"start":{"line":84,"column":12},"end":{"line":84,"column":45}},"38":{"start":{"line":86,"column":8},"end":{"line":88,"column":9}},"39":{"start":{"line":87,"column":12},"end":{"line":87,"column":45}},"40":{"start":{"line":89,"column":8},"end":{"line":89,"column":20}},"41":{"start":{"line":92,"column":8},"end":{"line":92,"column":56}},"42":{"start":{"line":95,"column":8},"end":{"line":95,"column":61}},"43":{"start":{"line":98,"column":8},"end":{"line":104,"column":9}},"44":{"start":{"line":99,"column":26},"end":{"line":99,"column":85}},"45":{"start":{"line":100,"column":12},"end":{"line":103,"column":13}},"46":{"start":{"line":101,"column":28},"end":{"line":101,"column":48}},"47":{"start":{"line":102,"column":16},"end":{"line":102,"column":96}},"48":{"start":{"line":105,"column":8},"end":{"line":105,"column":21}},"49":{"start":{"line":112,"column":8},"end":{"line":121,"column":9}},"50":{"start":{"line":113,"column":24},"end":{"line":113,"column":74}},"51":{"start":{"line":114,"column":12},"end":{"line":116,"column":13}},"52":{"start":{"line":115,"column":16},"end":{"line":115,"column":64}},"53":{"start":{"line":117,"column":12},"end":{"line":117,"column":70}},"54":{"start":{"line":118,"column":12},"end":{"line":120,"column":13}},"55":{"start":{"line":119,"column":16},"end":{"line":119,"column":77}},"56":{"start":{"line":122,"column":8},"end":{"line":122,"column":21}},"57":{"start":{"line":125,"column":8},"end":{"line":130,"column":9}},"58":{"start":{"line":126,"column":26},"end":{"line":126,"column":57}},"59":{"start":{"line":127,"column":12},"end":{"line":129,"column":13}},"60":{"start":{"line":128,"column":16},"end":{"line":128,"column":78}},"61":{"start":{"line":131,"column":8},"end":{"line":131,"column":21}},"62":{"start":{"line":134,"column":18},"end":{"line":134,"column":54}},"63":{"start":{"line":135,"column":19},"end":{"line":135,"column":33}},"64":{"start":{"line":136,"column":19},"end":{"line":136,"column":33}},"65":{"start":{"line":137,"column":19},"end":{"line":137,"column":33}},"66":{"start":{"line":138,"column":19},"end":{"line":138,"column":33}},"67":{"start":{"line":139,"column":19},"end":{"line":139,"column":26}},"68":{"start":{"line":140,"column":19},"end":{"line":140,"column":33}},"69":{"start":{"line":141,"column":19},"end":{"line":141,"column":26}},"70":{"start":{"line":142,"column":19},"end":{"line":142,"column":33}},"71":{"start":{"line":143,"column":19},"end":{"line":143,"column":26}},"72":{"start":{"line":144,"column":19},"end":{"line":144,"column":33}},"73":{"start":{"line":145,"column":19},"end":{"line":145,"column":26}},"74":{"start":{"line":146,"column":19},"end":{"line":146,"column":33}},"75":{"start":{"line":147,"column":18},"end":{"line":147,"column":55}},"76":{"start":{"line":148,"column":18},"end":{"line":148,"column":23}},"77":{"start":{"line":149,"column":18},"end":{"line":149,"column":24}},"78":{"start":{"line":150,"column":18},"end":{"line":150,"column":32}},"79":{"start":{"line":151,"column":8},"end":{"line":151,"column":17}},"80":{"start":{"line":154,"column":0},"end":{"line":154,"column":18}}},"fnMap":{"0":{"name":"(anonymous_0)","decl":{"start":{"line":5,"column":1},"end":{"line":5,"column":2}},"loc":{"start":{"line":5,"column":20},"end":{"line":33,"column":1}},"line":5},"1":{"name":"(anonymous_1)","decl":{"start":{"line":36,"column":4},"end":{"line":36,"column":5}},"loc":{"start":{"line":36,"column":27},"end":{"line":39,"column":5}},"line":36},"2":{"name":"(anonymous_2)","decl":{"start":{"line":40,"column":4},"end":{"line":40,"column":5}},"loc":{"start":{"line":40,"column":21},"end":{"line":75,"column":5}},"line":40},"3":{"name":"(anonymous_3)","decl":{"start":{"line":74,"column":27},"end":{"line":74,"column":28}},"loc":{"start":{"line":74,"column":34},"end":{"line":74,"column":60}},"line":74},"4":{"name":"(anonymous_4)","decl":{"start":{"line":76,"column":4},"end":{"line":76,"column":5}},"loc":{"start":{"line":76,"column":22},"end":{"line":90,"column":5}},"line":76},"5":{"name":"(anonymous_5)","decl":{"start":{"line":91,"column":4},"end":{"line":91,"column":5}},"loc":{"start":{"line":91,"column":22},"end":{"line":93,"column":5}},"line":91},"6":{"name":"(anonymous_6)","decl":{"start":{"line":94,"column":4},"end":{"line":94,"column":5}},"loc":{"start":{"line":94,"column":22},"end":{"line":96,"column":5}},"line":94},"7":{"name":"(anonymous_7)","decl":{"start":{"line":97,"column":4},"end":{"line":97,"column":5}},"loc":{"start":{"line":97,"column":22},"end":{"line":106,"column":5}},"line":97},"8":{"name":"(anonymous_8)","decl":{"start":{"line":111,"column":4},"end":{"line":111,"column":5}},"loc":{"start":{"line":111,"column":22},"end":{"line":123,"column":5}},"line":111},"9":{"name":"(anonymous_9)","decl":{"start":{"line":124,"column":4},"end":{"line":124,"column":5}},"loc":{"start":{"line":124,"column":27},"end":{"line":132,"column":5}},"line":124},"10":{"name":"(anonymous_10)","decl":{"start":{"line":133,"column":4},"end":{"line":133,"column":5}},"loc":{"start":{"line":133,"column":32},"end":{"line":152,"column":5}},"line":133}},"branchMap":{"0":{"loc":{"start":{"line":33,"column":13},"end":{"line":33,"column":54}},"type":"binary-expr","locations":[{"start":{"line":33,"column":13},"end":{"line":33,"column":28}},{"start":{"line":33,"column":33},"end":{"line":33,"column":53}}],"line":33},"1":{"loc":{"start":{"line":51,"column":12},"end":{"line":53,"column":13}},"type":"if","locations":[{"start":{"line":51,"column":12},"end":{"line":53,"column":13}},{"start":{"line":51,"column":12},"end":{"line":53,"column":13}}],"line":51},"2":{"loc":{"start":{"line":51,"column":16},"end":{"line":51,"column":50}},"type":"binary-expr","locations":[{"start":{"line":51,"column":16},"end":{"line":51,"column":28}},{"start":{"line":51,"column":32},"end":{"line":51,"column":50}}],"line":51},"3":{"loc":{"start":{"line":54,"column":12},"end":{"line":70,"column":13}},"type":"if","locations":[{"start":{"line":54,"column":12},"end":{"line":70,"column":13}},{"start":{"line":54,"column":12},"end":{"line":70,"column":13}}],"line":54},"4":{"loc":{"start":{"line":56,"column":27},"end":{"line":56,"column":88}},"type":"binary-expr","locations":[{"start":{"line":56,"column":27},"end":{"line":56,"column":33}},{"start":{"line":56,"column":37},"end":{"line":56,"column":88}}],"line":56},"5":{"loc":{"start":{"line":57,"column":16},"end":{"line":59,"column":17}},"type":"if","locations":[{"start":{"line":57,"column":16},"end":{"line":59,"column":17}},{"start":{"line":57,"column":16},"end":{"line":59,"column":17}}],"line":57},"6":{"loc":{"start":{"line":60,"column":16},"end":{"line":66,"column":17}},"type":"if","locations":[{"start":{"line":60,"column":16},"end":{"line":66,"column":17}},{"start":{"line":60,"column":16},"end":{"line":66,"column":17}}],"line":60},"7":{"loc":{"start":{"line":77,"column":8},"end":{"line":79,"column":9}},"type":"if","locations":[{"start":{"line":77,"column":8},"end":{"line":79,"column":9}},{"start":{"line":77,"column":8},"end":{"line":79,"column":9}}],"line":77},"8":{"loc":{"start":{"line":80,"column":8},"end":{"line":82,"column":9}},"type":"if","locations":[{"start":{"line":80,"column":8},"end":{"line":82,"column":9}},{"start":{"line":80,"column":8},"end":{"line":82,"column":9}}],"line":80},"9":{"loc":{"start":{"line":83,"column":8},"end":{"line":85,"column":9}},"type":"if","locations":[{"start":{"line":83,"column":8},"end":{"line":85,"column":9}},{"start":{"line":83,"column":8},"end":{"line":85,"column":9}}],"line":83},"10":{"loc":{"start":{"line":86,"column":8},"end":{"line":88,"column":9}},"type":"if","locations":[{"start":{"line":86,"column":8},"end":{"line":88,"column":9}},{"start":{"line":86,"column":8},"end":{"line":88,"column":9}}],"line":86},"11":{"loc":{"start":{"line":98,"column":8},"end":{"line":104,"column":9}},"type":"if","locations":[{"start":{"line":98,"column":8},"end":{"line":104,"column":9}},{"start":{"line":98,"column":8},"end":{"line":104,"column":9}}],"line":98},"12":{"loc":{"start":{"line":100,"column":12},"end":{"line":103,"column":13}},"type":"if","locations":[{"start":{"line":100,"column":12},"end":{"line":103,"column":13}},{"start":{"line":100,"column":12},"end":{"line":103,"column":13}}],"line":100},"13":{"loc":{"start":{"line":112,"column":8},"end":{"line":121,"column":9}},"type":"if","locations":[{"start":{"line":112,"column":8},"end":{"line":121,"column":9}},{"start":{"line":112,"column":8},"end":{"line":121,"column":9}}],"line":112},"14":{"loc":{"start":{"line":114,"column":12},"end":{"line":116,"column":13}},"type":"if","locations":[{"start":{"line":114,"column":12},"end":{"line":116,"column":13}},{"start":{"line":114,"column":12},"end":{"line":116,"column":13}}],"line":114},"15":{"loc":{"start":{"line":118,"column":12},"end":{"line":120,"column":13}},"type":"if","locations":[{"start":{"line":118,"column":12},"end":{"line":120,"column":13}},{"start":{"line":118,"column":12},"end":{"line":120,"column":13}}],"line":118},"16":{"loc":{"start":{"line":125,"column":8},"end":{"line":130,"column":9}},"type":"if","locations":[{"start":{"line":125,"column":8},"end":{"line":130,"column":9}},{"start":{"line":125,"column":8},"end":{"line":130,"column":9}}],"line":125},"17":{"loc":{"start":{"line":127,"column":12},"end":{"line":129,"column":13}},"type":"if","locations":[{"start":{"line":127,"column":12},"end":{"line":129,"column":13}},{"start":{"line":127,"column":12},"end":{"line":129,"column":13}}],"line":127},"18":{"loc":{"start":{"line":150,"column":18},"end":{"line":150,"column":32}},"type":"cond-expr","locations":[{"start":{"line":150,"column":22},"end":{"line":150,"column":28}},{"start":{"line":150,"column":31},"end":{"line":150,"column":32}}],"line":150}},"s":{"0":1,"1":1,"2":1,"3":1,"4":1,"5":1,"6":1,"7":1,"8":10,"9":10,"10":319,"11":319,"12":319,"13":319,"14":319,"15":162,"16":162,"17":162,"18":10,"19":162,"20":10,"21":10,"22":10,"23":10,"24":10,"25":8,"26":8,"27":2,"28":152,"29":162,"30":319,"31":8,"32":172,"33":10,"34":162,"35":0,"36":162,"37":0,"38":162,"39":0,"40":162,"41":162,"42":162,"43":162,"44":162,"45":162,"46":0,"47":0,"48":162,"49":172,"50":172,"51":172,"52":22,"53":150,"54":150,"55":0,"56":150,"57":324,"58":324,"59":324,"60":7,"61":317,"62":22,"63":22,"64":22,"65":22,"66":22,"67":22,"68":22,"69":22,"70":22,"71":22,"72":22,"73":22,"74":22,"75":22,"76":22,"77":22,"78":22,"79":22,"80":1},"f":{"0":1,"1":10,"2":319,"3":8,"4":172,"5":162,"6":162,"7":162,"8":172,"9":324,"10":22},"b":{"0":[1,1],"1":[10,152],"2":[162,154],"3":[10,152],"4":[10,8],"5":[10,0],"6":[8,2],"7":[10,162],"8":[0,162],"9":[0,162],"10":[0,162],"11":[162,0],"12":[0,162],"13":[172,0],"14":[22,150],"15":[0,150],"16":[324,0],"17":[7,317],"18":[8,14]},"_coverageSchema":"43e27e138ebf9cfc5966b082cf9a028302ed4184","hash":"31565d2005e95dc08947a1260bef5bb70c815e2b","contentHash":"247cb9f0d71994e2ec9a9d8f058e8b06ce4ce83e10251c30ac64f94379d22fa6"},"/Users/aonsolutions/eclipse-workspace/aon.parent/aon-tedi-application/src/tedi-ewok/TediDate.ts":{"path":"/Users/aonsolutions/eclipse-workspace/aon.parent/aon-tedi-application/src/tedi-ewok/TediDate.ts","statementMap":{"0":{"start":{"line":2,"column":22},"end":{"line":4,"column":1}},"1":{"start":{"line":3,"column":4},"end":{"line":3,"column":62}},"2":{"start":{"line":5,"column":0},"end":{"line":5,"column":62}},"3":{"start":{"line":6,"column":0},"end":{"line":6,"column":26}},"4":{"start":{"line":7,"column":17},"end":{"line":7,"column":51}},"5":{"start":{"line":20,"column":8},"end":{"line":22,"column":9}},"6":{"start":{"line":21,"column":12},"end":{"line":21,"column":22}},"7":{"start":{"line":23,"column":8},"end":{"line":23,"column":60}},"8":{"start":{"line":26,"column":0},"end":{"line":26,"column":28}}},"fnMap":{"0":{"name":"(anonymous_0)","decl":{"start":{"line":2,"column":56},"end":{"line":2,"column":57}},"loc":{"start":{"line":2,"column":71},"end":{"line":4,"column":1}},"line":2},"1":{"name":"(anonymous_1)","decl":{"start":{"line":19,"column":4},"end":{"line":19,"column":5}},"loc":{"start":{"line":19,"column":29},"end":{"line":24,"column":5}},"line":19}},"branchMap":{"0":{"loc":{"start":{"line":2,"column":22},"end":{"line":4,"column":1}},"type":"binary-expr","locations":[{"start":{"line":2,"column":23},"end":{"line":2,"column":27}},{"start":{"line":2,"column":31},"end":{"line":2,"column":51}},{"start":{"line":2,"column":56},"end":{"line":4,"column":1}}],"line":2},"1":{"loc":{"start":{"line":3,"column":11},"end":{"line":3,"column":61}},"type":"cond-expr","locations":[{"start":{"line":3,"column":37},"end":{"line":3,"column":40}},{"start":{"line":3,"column":43},"end":{"line":3,"column":61}}],"line":3},"2":{"loc":{"start":{"line":3,"column":12},"end":{"line":3,"column":33}},"type":"binary-expr","locations":[{"start":{"line":3,"column":12},"end":{"line":3,"column":15}},{"start":{"line":3,"column":19},"end":{"line":3,"column":33}}],"line":3},"3":{"loc":{"start":{"line":20,"column":8},"end":{"line":22,"column":9}},"type":"if","locations":[{"start":{"line":20,"column":8},"end":{"line":22,"column":9}},{"start":{"line":20,"column":8},"end":{"line":22,"column":9}}],"line":20}},"s":{"0":1,"1":1,"2":1,"3":1,"4":1,"5":0,"6":0,"7":0,"8":1},"f":{"0":1,"1":0},"b":{"0":[1,1,1],"1":[0,1],"2":[1,1],"3":[0,0]},"_coverageSchema":"43e27e138ebf9cfc5966b082cf9a028302ed4184","hash":"52aac295f4be365e4e4fd7816bf76e42e19598e8","contentHash":"676f681490e2ff3922bedfc8800ec6603371e4eb3f2174ce8101a48bcbcd02f0"},"/Users/aonsolutions/eclipse-workspace/aon.parent/aon-tedi-application/src/tedi-ewok/TediNumber.ts":{"path":"/Users/aonsolutions/eclipse-workspace/aon.parent/aon-tedi-application/src/tedi-ewok/TediNumber.ts","statementMap":{"0":{"start":{"line":2,"column":0},"end":{"line":2,"column":62}},"1":{"start":{"line":3,"column":0},"end":{"line":3,"column":28}},"2":{"start":{"line":4,"column":19},"end":{"line":4,"column":40}},"3":{"start":{"line":17,"column":8},"end":{"line":19,"column":9}},"4":{"start":{"line":18,"column":12},"end":{"line":18,"column":22}},"5":{"start":{"line":20,"column":18},"end":{"line":23,"column":50}},"6":{"start":{"line":24,"column":8},"end":{"line":29,"column":9}},"7":{"start":{"line":25,"column":12},"end":{"line":25,"column":30}},"8":{"start":{"line":27,"column":13},"end":{"line":29,"column":9}},"9":{"start":{"line":28,"column":12},"end":{"line":28,"column":28}},"10":{"start":{"line":30,"column":8},"end":{"line":30,"column":19}},"11":{"start":{"line":33,"column":0},"end":{"line":33,"column":32}}},"fnMap":{"0":{"name":"(anonymous_0)","decl":{"start":{"line":16,"column":4},"end":{"line":16,"column":5}},"loc":{"start":{"line":16,"column":31},"end":{"line":31,"column":5}},"line":16}},"branchMap":{"0":{"loc":{"start":{"line":17,"column":8},"end":{"line":19,"column":9}},"type":"if","locations":[{"start":{"line":17,"column":8},"end":{"line":19,"column":9}},{"start":{"line":17,"column":8},"end":{"line":19,"column":9}}],"line":17},"1":{"loc":{"start":{"line":24,"column":8},"end":{"line":29,"column":9}},"type":"if","locations":[{"start":{"line":24,"column":8},"end":{"line":29,"column":9}},{"start":{"line":24,"column":8},"end":{"line":29,"column":9}}],"line":24},"2":{"loc":{"start":{"line":27,"column":13},"end":{"line":29,"column":9}},"type":"if","locations":[{"start":{"line":27,"column":13},"end":{"line":29,"column":9}},{"start":{"line":27,"column":13},"end":{"line":29,"column":9}}],"line":27}},"s":{"0":1,"1":1,"2":1,"3":0,"4":0,"5":0,"6":0,"7":0,"8":0,"9":0,"10":0,"11":1},"f":{"0":0},"b":{"0":[0,0],"1":[0,0],"2":[0,0]},"_coverageSchema":"43e27e138ebf9cfc5966b082cf9a028302ed4184","hash":"119dded3e8cd453d12cc4032705850b36dfac562","contentHash":"2930454a8642a298c19f7a06314f3bba18bd3f9727a41991b21c387b37d9f0f4"},"/Users/aonsolutions/eclipse-workspace/aon.parent/aon-tedi-application/src/tedi-pdf-parser/TediPdfParser.ts":{"path":"/Users/aonsolutions/eclipse-workspace/aon.parent/aon-tedi-application/src/tedi-pdf-parser/TediPdfParser.ts","statementMap":{"0":{"start":{"line":2,"column":0},"end":{"line":2,"column":62}},"1":{"start":{"line":3,"column":0},"end":{"line":3,"column":71}},"2":{"start":{"line":4,"column":13},"end":{"line":4,"column":26}},"3":{"start":{"line":5,"column":25},"end":{"line":5,"column":50}},"4":{"start":{"line":6,"column":15},"end":{"line":6,"column":30}},"5":{"start":{"line":7,"column":20},"end":{"line":7,"column":45}},"6":{"start":{"line":8,"column":21},"end":{"line":8,"column":57}},"7":{"start":{"line":9,"column":19},"end":{"line":9,"column":51}},"8":{"start":{"line":10,"column":17},"end":{"line":10,"column":44}},"9":{"start":{"line":11,"column":17},"end":{"line":11,"column":44}},"10":{"start":{"line":12,"column":19},"end":{"line":12,"column":48}},"11":{"start":{"line":13,"column":26},"end":{"line":13,"column":62}},"12":{"start":{"line":14,"column":24},"end":{"line":14,"column":58}},"13":{"start":{"line":15,"column":17},"end":{"line":15,"column":44}},"14":{"start":{"line":16,"column":20},"end":{"line":16,"column":50}},"15":{"start":{"line":17,"column":28},"end":{"line":17,"column":66}},"16":{"start":{"line":18,"column":23},"end":{"line":18,"column":56}},"17":{"start":{"line":19,"column":16},"end":{"line":19,"column":42}},"18":{"start":{"line":20,"column":16},"end":{"line":20,"column":42}},"19":{"start":{"line":21,"column":23},"end":{"line":21,"column":56}},"20":{"start":{"line":22,"column":25},"end":{"line":22,"column":60}},"21":{"start":{"line":23,"column":24},"end":{"line":23,"column":58}},"22":{"start":{"line":24,"column":18},"end":{"line":24,"column":46}},"23":{"start":{"line":25,"column":17},"end":{"line":25,"column":44}},"24":{"start":{"line":26,"column":16},"end":{"line":26,"column":42}},"25":{"start":{"line":27,"column":20},"end":{"line":27,"column":50}},"26":{"start":{"line":28,"column":15},"end":{"line":28,"column":40}},"27":{"start":{"line":29,"column":19},"end":{"line":29,"column":48}},"28":{"start":{"line":30,"column":18},"end":{"line":50,"column":1}},"29":{"start":{"line":31,"column":11},"end":{"line":31,"column":41}},"30":{"start":{"line":32,"column":11},"end":{"line":32,"column":53}},"31":{"start":{"line":33,"column":11},"end":{"line":33,"column":49}},"32":{"start":{"line":34,"column":11},"end":{"line":34,"column":39}},"33":{"start":{"line":35,"column":11},"end":{"line":35,"column":59}},"34":{"start":{"line":36,"column":11},"end":{"line":36,"column":49}},"35":{"start":{"line":37,"column":11},"end":{"line":37,"column":37}},"36":{"start":{"line":38,"column":11},"end":{"line":38,"column":33}},"37":{"start":{"line":39,"column":11},"end":{"line":39,"column":35}},"38":{"start":{"line":40,"column":11},"end":{"line":40,"column":35}},"39":{"start":{"line":41,"column":11},"end":{"line":41,"column":37}},"40":{"start":{"line":42,"column":11},"end":{"line":42,"column":51}},"41":{"start":{"line":43,"column":11},"end":{"line":43,"column":43}},"42":{"start":{"line":44,"column":11},"end":{"line":44,"column":43}},"43":{"start":{"line":45,"column":11},"end":{"line":45,"column":37}},"44":{"start":{"line":46,"column":11},"end":{"line":46,"column":35}},"45":{"start":{"line":47,"column":11},"end":{"line":47,"column":55}},"46":{"start":{"line":48,"column":11},"end":{"line":48,"column":51}},"47":{"start":{"line":49,"column":11},"end":{"line":49,"column":41}},"48":{"start":{"line":53,"column":8},"end":{"line":53,"column":23}},"49":{"start":{"line":54,"column":8},"end":{"line":54,"column":47}},"50":{"start":{"line":57,"column":0},"end":{"line":57,"column":70}},"51":{"start":{"line":60,"column":8},"end":{"line":75,"column":9}},"52":{"start":{"line":61,"column":12},"end":{"line":71,"column":88}},"53":{"start":{"line":62,"column":16},"end":{"line":70,"column":19}},"54":{"start":{"line":63,"column":20},"end":{"line":69,"column":21}},"55":{"start":{"line":64,"column":24},"end":{"line":64,"column":41}},"56":{"start":{"line":67,"column":24},"end":{"line":67,"column":41}},"57":{"start":{"line":68,"column":24},"end":{"line":68,"column":41}},"58":{"start":{"line":71,"column":55},"end":{"line":71,"column":85}},"59":{"start":{"line":74,"column":12},"end":{"line":74,"column":64}},"60":{"start":{"line":78,"column":8},"end":{"line":91,"column":81}},"61":{"start":{"line":79,"column":31},"end":{"line":79,"column":64}},"62":{"start":{"line":80,"column":28},"end":{"line":80,"column":61}},"63":{"start":{"line":81,"column":12},"end":{"line":90,"column":15}},"64":{"start":{"line":82,"column":16},"end":{"line":84,"column":17}},"65":{"start":{"line":83,"column":20},"end":{"line":83,"column":44}},"66":{"start":{"line":85,"column":16},"end":{"line":87,"column":17}},"67":{"start":{"line":86,"column":20},"end":{"line":86,"column":61}},"68":{"start":{"line":88,"column":16},"end":{"line":88,"column":33}},"69":{"start":{"line":89,"column":16},"end":{"line":89,"column":33}},"70":{"start":{"line":91,"column":44},"end":{"line":91,"column":78}},"71":{"start":{"line":94,"column":8},"end":{"line":113,"column":9}},"72":{"start":{"line":95,"column":12},"end":{"line":109,"column":16}},"73":{"start":{"line":96,"column":16},"end":{"line":104,"column":19}},"74":{"start":{"line":97,"column":20},"end":{"line":103,"column":21}},"75":{"start":{"line":98,"column":24},"end":{"line":98,"column":41}},"76":{"start":{"line":101,"column":24},"end":{"line":101,"column":41}},"77":{"start":{"line":102,"column":24},"end":{"line":102,"column":41}},"78":{"start":{"line":106,"column":16},"end":{"line":106,"column":79}},"79":{"start":{"line":107,"column":16},"end":{"line":107,"column":39}},"80":{"start":{"line":108,"column":16},"end":{"line":108,"column":51}},"81":{"start":{"line":112,"column":12},"end":{"line":112,"column":64}},"82":{"start":{"line":116,"column":8},"end":{"line":130,"column":90}},"83":{"start":{"line":117,"column":31},"end":{"line":117,"column":64}},"84":{"start":{"line":118,"column":28},"end":{"line":118,"column":61}},"85":{"start":{"line":119,"column":28},"end":{"line":119,"column":111}},"86":{"start":{"line":120,"column":12},"end":{"line":129,"column":15}},"87":{"start":{"line":121,"column":16},"end":{"line":123,"column":17}},"88":{"start":{"line":122,"column":20},"end":{"line":122,"column":44}},"89":{"start":{"line":124,"column":16},"end":{"line":126,"column":17}},"90":{"start":{"line":125,"column":20},"end":{"line":125,"column":61}},"91":{"start":{"line":127,"column":16},"end":{"line":127,"column":33}},"92":{"start":{"line":128,"column":16},"end":{"line":128,"column":33}},"93":{"start":{"line":130,"column":50},"end":{"line":130,"column":87}},"94":{"start":{"line":133,"column":27},"end":{"line":133,"column":60}},"95":{"start":{"line":134,"column":24},"end":{"line":134,"column":57}},"96":{"start":{"line":135,"column":23},"end":{"line":135,"column":106}},"97":{"start":{"line":136,"column":8},"end":{"line":151,"column":12}},"98":{"start":{"line":136,"column":48},"end":{"line":151,"column":10}},"99":{"start":{"line":137,"column":12},"end":{"line":150,"column":13}},"100":{"start":{"line":138,"column":16},"end":{"line":138,"column":28}},"101":{"start":{"line":140,"column":17},"end":{"line":150,"column":13}},"102":{"start":{"line":141,"column":16},"end":{"line":141,"column":45}},"103":{"start":{"line":144,"column":16},"end":{"line":149,"column":17}},"104":{"start":{"line":145,"column":20},"end":{"line":145,"column":53}},"105":{"start":{"line":148,"column":20},"end":{"line":148,"column":154}},"106":{"start":{"line":148,"column":79},"end":{"line":148,"column":128}},"107":{"start":{"line":148,"column":139},"end":{"line":148,"column":152}},"108":{"start":{"line":154,"column":8},"end":{"line":163,"column":9}},"109":{"start":{"line":155,"column":12},"end":{"line":162,"column":13}},"110":{"start":{"line":156,"column":16},"end":{"line":156,"column":39}},"111":{"start":{"line":159,"column":16},"end":{"line":161,"column":17}},"112":{"start":{"line":160,"column":20},"end":{"line":160,"column":28}},"113":{"start":{"line":164,"column":8},"end":{"line":164,"column":75}},"114":{"start":{"line":167,"column":0},"end":{"line":167,"column":38}}},"fnMap":{"0":{"name":"(anonymous_0)","decl":{"start":{"line":31,"column":4},"end":{"line":31,"column":5}},"loc":{"start":{"line":31,"column":11},"end":{"line":31,"column":41}},"line":31},"1":{"name":"(anonymous_1)","decl":{"start":{"line":32,"column":4},"end":{"line":32,"column":5}},"loc":{"start":{"line":32,"column":11},"end":{"line":32,"column":53}},"line":32},"2":{"name":"(anonymous_2)","decl":{"start":{"line":33,"column":4},"end":{"line":33,"column":5}},"loc":{"start":{"line":33,"column":11},"end":{"line":33,"column":49}},"line":33},"3":{"name":"(anonymous_3)","decl":{"start":{"line":34,"column":4},"end":{"line":34,"column":5}},"loc":{"start":{"line":34,"column":11},"end":{"line":34,"column":39}},"line":34},"4":{"name":"(anonymous_4)","decl":{"start":{"line":35,"column":4},"end":{"line":35,"column":5}},"loc":{"start":{"line":35,"column":11},"end":{"line":35,"column":59}},"line":35},"5":{"name":"(anonymous_5)","decl":{"start":{"line":36,"column":4},"end":{"line":36,"column":5}},"loc":{"start":{"line":36,"column":11},"end":{"line":36,"column":49}},"line":36},"6":{"name":"(anonymous_6)","decl":{"start":{"line":37,"column":4},"end":{"line":37,"column":5}},"loc":{"start":{"line":37,"column":11},"end":{"line":37,"column":37}},"line":37},"7":{"name":"(anonymous_7)","decl":{"start":{"line":38,"column":4},"end":{"line":38,"column":5}},"loc":{"start":{"line":38,"column":11},"end":{"line":38,"column":33}},"line":38},"8":{"name":"(anonymous_8)","decl":{"start":{"line":39,"column":4},"end":{"line":39,"column":5}},"loc":{"start":{"line":39,"column":11},"end":{"line":39,"column":35}},"line":39},"9":{"name":"(anonymous_9)","decl":{"start":{"line":40,"column":4},"end":{"line":40,"column":5}},"loc":{"start":{"line":40,"column":11},"end":{"line":40,"column":35}},"line":40},"10":{"name":"(anonymous_10)","decl":{"start":{"line":41,"column":4},"end":{"line":41,"column":5}},"loc":{"start":{"line":41,"column":11},"end":{"line":41,"column":37}},"line":41},"11":{"name":"(anonymous_11)","decl":{"start":{"line":42,"column":4},"end":{"line":42,"column":5}},"loc":{"start":{"line":42,"column":11},"end":{"line":42,"column":51}},"line":42},"12":{"name":"(anonymous_12)","decl":{"start":{"line":43,"column":4},"end":{"line":43,"column":5}},"loc":{"start":{"line":43,"column":11},"end":{"line":43,"column":43}},"line":43},"13":{"name":"(anonymous_13)","decl":{"start":{"line":44,"column":4},"end":{"line":44,"column":5}},"loc":{"start":{"line":44,"column":11},"end":{"line":44,"column":43}},"line":44},"14":{"name":"(anonymous_14)","decl":{"start":{"line":45,"column":4},"end":{"line":45,"column":5}},"loc":{"start":{"line":45,"column":11},"end":{"line":45,"column":37}},"line":45},"15":{"name":"(anonymous_15)","decl":{"start":{"line":46,"column":4},"end":{"line":46,"column":5}},"loc":{"start":{"line":46,"column":11},"end":{"line":46,"column":35}},"line":46},"16":{"name":"(anonymous_16)","decl":{"start":{"line":47,"column":4},"end":{"line":47,"column":5}},"loc":{"start":{"line":47,"column":11},"end":{"line":47,"column":55}},"line":47},"17":{"name":"(anonymous_17)","decl":{"start":{"line":48,"column":4},"end":{"line":48,"column":5}},"loc":{"start":{"line":48,"column":11},"end":{"line":48,"column":51}},"line":48},"18":{"name":"(anonymous_18)","decl":{"start":{"line":49,"column":4},"end":{"line":49,"column":5}},"loc":{"start":{"line":49,"column":11},"end":{"line":49,"column":41}},"line":49},"19":{"name":"(anonymous_19)","decl":{"start":{"line":52,"column":4},"end":{"line":52,"column":5}},"loc":{"start":{"line":52,"column":25},"end":{"line":55,"column":5}},"line":52},"20":{"name":"(anonymous_20)","decl":{"start":{"line":59,"column":4},"end":{"line":59,"column":5}},"loc":{"start":{"line":59,"column":37},"end":{"line":76,"column":5}},"line":59},"21":{"name":"(anonymous_21)","decl":{"start":{"line":61,"column":44},"end":{"line":61,"column":45}},"loc":{"start":{"line":61,"column":55},"end":{"line":71,"column":13}},"line":61},"22":{"name":"(anonymous_22)","decl":{"start":{"line":62,"column":44},"end":{"line":62,"column":45}},"loc":{"start":{"line":62,"column":59},"end":{"line":70,"column":17}},"line":62},"23":{"name":"(anonymous_23)","decl":{"start":{"line":71,"column":42},"end":{"line":71,"column":43}},"loc":{"start":{"line":71,"column":55},"end":{"line":71,"column":85}},"line":71},"24":{"name":"(anonymous_24)","decl":{"start":{"line":77,"column":4},"end":{"line":77,"column":5}},"loc":{"start":{"line":77,"column":27},"end":{"line":92,"column":5}},"line":77},"25":{"name":"(anonymous_25)","decl":{"start":{"line":78,"column":40},"end":{"line":78,"column":41}},"loc":{"start":{"line":78,"column":51},"end":{"line":91,"column":9}},"line":78},"26":{"name":"(anonymous_26)","decl":{"start":{"line":81,"column":54},"end":{"line":81,"column":55}},"loc":{"start":{"line":81,"column":69},"end":{"line":90,"column":13}},"line":81},"27":{"name":"(anonymous_27)","decl":{"start":{"line":91,"column":32},"end":{"line":91,"column":33}},"loc":{"start":{"line":91,"column":44},"end":{"line":91,"column":78}},"line":91},"28":{"name":"(anonymous_28)","decl":{"start":{"line":93,"column":4},"end":{"line":93,"column":5}},"loc":{"start":{"line":93,"column":43},"end":{"line":114,"column":5}},"line":93},"29":{"name":"(anonymous_29)","decl":{"start":{"line":95,"column":44},"end":{"line":95,"column":45}},"loc":{"start":{"line":95,"column":55},"end":{"line":105,"column":13}},"line":95},"30":{"name":"(anonymous_30)","decl":{"start":{"line":96,"column":44},"end":{"line":96,"column":45}},"loc":{"start":{"line":96,"column":59},"end":{"line":104,"column":17}},"line":96},"31":{"name":"(anonymous_31)","decl":{"start":{"line":105,"column":42},"end":{"line":105,"column":43}},"loc":{"start":{"line":105,"column":55},"end":{"line":109,"column":13}},"line":105},"32":{"name":"(anonymous_32)","decl":{"start":{"line":115,"column":4},"end":{"line":115,"column":5}},"loc":{"start":{"line":115,"column":25},"end":{"line":131,"column":5}},"line":115},"33":{"name":"(anonymous_33)","decl":{"start":{"line":116,"column":40},"end":{"line":116,"column":41}},"loc":{"start":{"line":116,"column":51},"end":{"line":130,"column":9}},"line":116},"34":{"name":"(anonymous_34)","decl":{"start":{"line":120,"column":55},"end":{"line":120,"column":56}},"loc":{"start":{"line":120,"column":70},"end":{"line":129,"column":13}},"line":120},"35":{"name":"(anonymous_35)","decl":{"start":{"line":130,"column":38},"end":{"line":130,"column":39}},"loc":{"start":{"line":130,"column":50},"end":{"line":130,"column":87}},"line":130},"36":{"name":"(anonymous_36)","decl":{"start":{"line":132,"column":4},"end":{"line":132,"column":5}},"loc":{"start":{"line":132,"column":23},"end":{"line":152,"column":5}},"line":132},"37":{"name":"(anonymous_37)","decl":{"start":{"line":136,"column":27},"end":{"line":136,"column":28}},"loc":{"start":{"line":136,"column":48},"end":{"line":151,"column":10}},"line":136},"38":{"name":"(anonymous_38)","decl":{"start":{"line":136,"column":90},"end":{"line":136,"column":91}},"loc":{"start":{"line":136,"column":105},"end":{"line":151,"column":9}},"line":136},"39":{"name":"(anonymous_39)","decl":{"start":{"line":148,"column":66},"end":{"line":148,"column":67}},"loc":{"start":{"line":148,"column":79},"end":{"line":148,"column":128}},"line":148},"40":{"name":"(anonymous_40)","decl":{"start":{"line":148,"column":130},"end":{"line":148,"column":131}},"loc":{"start":{"line":148,"column":139},"end":{"line":148,"column":152}},"line":148},"41":{"name":"(anonymous_41)","decl":{"start":{"line":153,"column":4},"end":{"line":153,"column":5}},"loc":{"start":{"line":153,"column":32},"end":{"line":165,"column":5}},"line":153}},"branchMap":{"0":{"loc":{"start":{"line":60,"column":8},"end":{"line":75,"column":9}},"type":"if","locations":[{"start":{"line":60,"column":8},"end":{"line":75,"column":9}},{"start":{"line":60,"column":8},"end":{"line":75,"column":9}}],"line":60},"1":{"loc":{"start":{"line":63,"column":20},"end":{"line":69,"column":21}},"type":"if","locations":[{"start":{"line":63,"column":20},"end":{"line":69,"column":21}},{"start":{"line":63,"column":20},"end":{"line":69,"column":21}}],"line":63},"2":{"loc":{"start":{"line":82,"column":16},"end":{"line":84,"column":17}},"type":"if","locations":[{"start":{"line":82,"column":16},"end":{"line":84,"column":17}},{"start":{"line":
[...]
nd":{"line":176,"column":31}},"100":{"start":{"line":177,"column":12},"end":{"line":177,"column":56}},"101":{"start":{"line":180,"column":8},"end":{"line":180,"column":66}},"102":{"start":{"line":181,"column":8},"end":{"line":183,"column":9}},"103":{"start":{"line":182,"column":12},"end":{"line":182,"column":31}},"104":{"start":{"line":185,"column":8},"end":{"line":185,"column":66}},"105":{"start":{"line":186,"column":8},"end":{"line":192,"column":9}},"106":{"start":{"line":187,"column":12},"end":{"line":187,"column":31}},"107":{"start":{"line":189,"column":12},"end":{"line":189,"column":38}},"108":{"start":{"line":190,"column":12},"end":{"line":190,"column":58}},"109":{"start":{"line":191,"column":12},"end":{"line":191,"column":51}},"110":{"start":{"line":194,"column":8},"end":{"line":194,"column":66}},"111":{"start":{"line":195,"column":8},"end":{"line":197,"column":9}},"112":{"start":{"line":196,"column":12},"end":{"line":196,"column":31}},"113":{"start":{"line":199,"column":8},"end":{"line":199,"column":66}},"114":{"start":{"line":200,"column":8},"end":{"line":202,"column":9}},"115":{"start":{"line":201,"column":12},"end":{"line":201,"column":31}},"116":{"start":{"line":204,"column":8},"end":{"line":204,"column":66}},"117":{"start":{"line":205,"column":8},"end":{"line":207,"column":9}},"118":{"start":{"line":206,"column":12},"end":{"line":206,"column":31}},"119":{"start":{"line":209,"column":8},"end":{"line":209,"column":66}},"120":{"start":{"line":210,"column":8},"end":{"line":212,"column":9}},"121":{"start":{"line":211,"column":12},"end":{"line":211,"column":31}},"122":{"start":{"line":214,"column":8},"end":{"line":214,"column":32}},"123":{"start":{"line":215,"column":8},"end":{"line":215,"column":66}},"124":{"start":{"line":216,"column":8},"end":{"line":223,"column":9}},"125":{"start":{"line":217,"column":12},"end":{"line":217,"column":31}},"126":{"start":{"line":218,"column":12},"end":{"line":218,"column":86}},"127":{"start":{"line":219,"column":12},"end":{"line":222,"column":13}},"128":{"start":{"line":220,"column":37},"end":{"line":220,"column":79}},"129":{"start":{"line":221,"column":16},"end":{"line":221,"column":101}},"130":{"start":{"line":225,"column":8},"end":{"line":225,"column":66}},"131":{"start":{"line":226,"column":8},"end":{"line":228,"column":9}},"132":{"start":{"line":227,"column":12},"end":{"line":227,"column":31}},"133":{"start":{"line":229,"column":8},"end":{"line":229,"column":27}},"134":{"start":{"line":234,"column":8},"end":{"line":234,"column":66}},"135":{"start":{"line":235,"column":8},"end":{"line":241,"column":9}},"136":{"start":{"line":236,"column":12},"end":{"line":236,"column":31}},"137":{"start":{"line":237,"column":12},"end":{"line":237,"column":81}},"138":{"start":{"line":238,"column":12},"end":{"line":240,"column":13}},"139":{"start":{"line":239,"column":16},"end":{"line":239,"column":32}},"140":{"start":{"line":243,"column":8},"end":{"line":243,"column":66}},"141":{"start":{"line":244,"column":8},"end":{"line":249,"column":9}},"142":{"start":{"line":245,"column":12},"end":{"line":245,"column":31}},"143":{"start":{"line":246,"column":12},"end":{"line":246,"column":70}},"144":{"start":{"line":247,"column":12},"end":{"line":247,"column":31}},"145":{"start":{"line":248,"column":12},"end":{"line":248,"column":29}},"146":{"start":{"line":250,"column":8},"end":{"line":255,"column":11}},"147":{"start":{"line":257,"column":8},"end":{"line":257,"column":66}},"148":{"start":{"line":258,"column":8},"end":{"line":260,"column":9}},"149":{"start":{"line":259,"column":12},"end":{"line":259,"column":31}},"150":{"start":{"line":262,"column":8},"end":{"line":262,"column":66}},"151":{"start":{"line":263,"column":24},"end":{"line":263,"column":25}},"152":{"start":{"line":264,"column":8},"end":{"line":272,"column":9}},"153":{"start":{"line":265,"column":12},"end":{"line":265,"column":31}},"154":{"start":{"line":266,"column":12},"end":{"line":266,"column":69}},"155":{"start":{"line":267,"column":12},"end":{"line":271,"column":13}},"156":{"start":{"line":268,"column":16},"end":{"line":268,"column":79}},"157":{"start":{"line":269,"column":16},"end":{"line":269,"column":42}},"158":{"start":{"line":270,"column":16},"end":{"line":270,"column":55}},"159":{"start":{"line":275,"column":8},"end":{"line":275,"column":66}},"160":{"start":{"line":276,"column":8},"end":{"line":288,"column":9}},"161":{"start":{"line":277,"column":12},"end":{"line":277,"column":31}},"162":{"start":{"line":289,"column":8},"end":{"line":289,"column":66}},"163":{"start":{"line":290,"column":8},"end":{"line":292,"column":9}},"164":{"start":{"line":291,"column":12},"end":{"line":291,"column":31}},"165":{"start":{"line":293,"column":8},"end":{"line":293,"column":66}},"166":{"start":{"line":294,"column":8},"end":{"line":296,"column":9}},"167":{"start":{"line":295,"column":12},"end":{"line":295,"column":31}},"168":{"start":{"line":297,"column":8},"end":{"line":297,"column":66}},"169":{"start":{"line":298,"column":8},"end":{"line":300,"column":9}},"170":{"start":{"line":299,"column":12},"end":{"line":299,"column":31}},"171":{"start":{"line":302,"column":8},"end":{"line":302,"column":66}},"172":{"start":{"line":303,"column":8},"end":{"line":315,"column":9}},"173":{"start":{"line":304,"column":12},"end":{"line":304,"column":31}},"174":{"start":{"line":317,"column":8},"end":{"line":317,"column":73}},"175":{"start":{"line":318,"column":8},"end":{"line":318,"column":23}},"176":{"start":{"line":321,"column":0},"end":{"line":321,"column":28}}},"fnMap":{"0":{"name":"(anonymous_0)","decl":{"start":{"line":2,"column":56},"end":{"line":2,"column":57}},"loc":{"start":{"line":2,"column":71},"end":{"line":4,"column":1}},"line":2},"1":{"name":"(anonymous_1)","decl":{"start":{"line":12,"column":4},"end":{"line":12,"column":5}},"loc":{"start":{"line":12,"column":24},"end":{"line":319,"column":5}},"line":12}},"branchMap":{"0":{"loc":{"start":{"line":2,"column":22},"end":{"line":4,"column":1}},"type":"binary-expr","locations":[{"start":{"line":2,"column":23},"end":{"line":2,"column":27}},{"start":{"line":2,"column":31},"end":{"line":2,"column":51}},{"start":{"line":2,"column":56},"end":{"line":4,"column":1}}],"line":2},"1":{"loc":{"start":{"line":3,"column":11},"end":{"line":3,"column":61}},"type":"cond-expr","locations":[{"start":{"line":3,"column":37},"end":{"line":3,"column":40}},{"start":{"line":3,"column":43},"end":{"line":3,"column":61}}],"line":3},"2":{"loc":{"start":{"line":3,"column":12},"end":{"line":3,"column":33}},"type":"binary-expr","locations":[{"start":{"line":3,"column":12},"end":{"line":3,"column":15}},{"start":{"line":3,"column":19},"end":{"line":3,"column":33}}],"line":3},"3":{"loc":{"start":{"line":24,"column":16},"end":{"line":40,"column":17}},"type":"if","locations":[{"start":{"line":24,"column":16},"end":{"line":40,"column":17}},{"start":{"line":24,"column":16},"end":{"line":40,"column":17}}],"line":24},"4":{"loc":{"start":{"line":27,"column":20},"end":{"line":39,"column":21}},"type":"if","locations":[{"start":{"line":27,"column":20},"end":{"line":39,"column":21}},{"start":{"line":27,"column":20},"end":{"line":39,"column":21}}],"line":27},"5":{"loc":{"start":{"line":31,"column":28},"end":{"line":33,"column":29}},"type":"if","locations":[{"start":{"line":31,"column":28},"end":{"line":33,"column":29}},{"start":{"line":31,"column":28},"end":{"line":33,"column":29}}],"line":31},"6":{"loc":{"start":{"line":36,"column":24},"end":{"line":38,"column":25}},"type":"if","locations":[{"start":{"line":36,"column":24},"end":{"line":38,"column":25}},{"start":{"line":36,"column":24},"end":{"line":38,"column":25}}],"line":36},"7":{"loc":{"start":{"line":48,"column":8},"end":{"line":50,"column":9}},"type":"if","locations":[{"start":{"line":48,"column":8},"end":{"line":50,"column":9}},{"start":{"line":48,"column":8},"end":{"line":50,"column":9}}],"line":48},"8":{"loc":{"start":{"line":48,"column":12},"end":{"line":48,"column":53}},"type":"binary-expr","locations":[{"start":{"line":48,"column":12},"end":{"line":48,"column":30}},{"start":{"line":48,"column":34},"end":{"line":48,"column":40}},{"start":{"line":48,"column":44},"end":{"line":48,"column":53}}],"line":48},"9":{"loc":{"start":{"line":56,"column":16},"end":{"line":74,"column":17}},"type":"if","locations":[{"start":{"line":56,"column":16},"end":{"line":74,"column":17}},{"start":{"line":56,"column":16},"end":{"line":74,"column":17}}],"line":56},"10":{"loc":{"start":{"line":59,"column":20},"end":{"line":73,"column":21}},"type":"if","locations":[{"start":{"line":59,"column":20},"end":{"line":73,"column":21}},{"start":{"line":59,"column":20},"end":{"line":73,"column":21}}],"line":59},"11":{"loc":{"start":{"line":65,"column":28},"end":{"line":67,"column":29}},"type":"if","locations":[{"start":{"line":65,"column":28},"end":{"line":67,"column":29}},{"start":{"line":65,"column":28},"end":{"line":67,"column":29}}],"line":65},"12":{"loc":{"start":{"line":70,"column":24},"end":{"line":72,"column":25}},"type":"if","locations":[{"start":{"line":70,"column":24},"end":{"line":72,"column":25}},{"start":{"line":70,"column":24},"end":{"line":72,"column":25}}],"line":70},"13":{"loc":{"start":{"line":81,"column":8},"end":{"line":83,"column":9}},"type":"if","locations":[{"start":{"line":81,"column":8},"end":{"line":83,"column":9}},{"start":{"line":81,"column":8},"end":{"line":83,"column":9}}],"line":81},"14":{"loc":{"start":{"line":102,"column":8},"end":{"line":104,"column":9}},"type":"if","locations":[{"start":{"line":102,"column":8},"end":{"line":104,"column":9}},{"start":{"line":102,"column":8},"end":{"line":104,"column":9}}],"line":102},"15":{"loc":{"start":{"line":109,"column":8},"end":{"line":115,"column":9}},"type":"if","locations":[{"start":{"line":109,"column":8},"end":{"line":115,"column":9}},{"start":{"line":109,"column":8},"end":{"line":115,"column":9}}],"line":109},"16":{"loc":{"start":{"line":112,"column":12},"end":{"line":114,"column":13}},"type":"if","locations":[{"start":{"line":112,"column":12},"end":{"line":114,"column":13}},{"start":{"line":112,"column":12},"end":{"line":114,"column":13}}],"line":112},"17":{"loc":{"start":{"line":118,"column":8},"end":{"line":120,"column":9}},"type":"if","locations":[{"start":{"line":118,"column":8},"end":{"line":120,"column":9}},{"start":{"line":118,"column":8},"end":{"line":120,"column":9}}],"line":118},"18":{"loc":{"start":{"line":123,"column":8},"end":{"line":125,"column":9}},"type":"if","locations":[{"start":{"line":123,"column":8},"end":{"line":125,"column":9}},{"start":{"line":123,"column":8},"end":{"line":125,"column":9}}],"line":123},"19":{"loc":{"start":{"line":128,"column":8},"end":{"line":130,"column":9}},"type":"if","locations":[{"start":{"line":128,"column":8},"end":{"line":130,"column":9}},{"start":{"line":128,"column":8},"end":{"line":130,"column":9}}],"line":128},"20":{"loc":{"start":{"line":133,"column":8},"end":{"line":135,"column":9}},"type":"if","locations":[{"start":{"line":133,"column":8},"end":{"line":135,"column":9}},{"start":{"line":133,"column":8},"end":{"line":135,"column":9}}],"line":133},"21":{"loc":{"start":{"line":139,"column":8},"end":{"line":146,"column":9}},"type":"if","locations":[{"start":{"line":139,"column":8},"end":{"line":146,"column":9}},{"start":{"line":139,"column":8},"end":{"line":146,"column":9}}],"line":139},"22":{"loc":{"start":{"line":142,"column":12},"end":{"line":145,"column":13}},"type":"if","locations":[{"start":{"line":142,"column":12},"end":{"line":145,"column":13}},{"start":{"line":142,"column":12},"end":{"line":145,"column":13}}],"line":142},"23":{"loc":{"start":{"line":149,"column":8},"end":{"line":151,"column":9}},"type":"if","locations":[{"start":{"line":149,"column":8},"end":{"line":151,"column":9}},{"start":{"line":149,"column":8},"end":{"line":151,"column":9}}],"line":149},"24":{"loc":{"start":{"line":154,"column":8},"end":{"line":161,"column":9}},"type":"if","locations":[{"start":{"line":154,"column":8},"end":{"line":161,"column":9}},{"start":{"line":154,"column":8},"end":{"line":161,"column":9}}],"line":154},"25":{"loc":{"start":{"line":157,"column":12},"end":{"line":160,"column":13}},"type":"if","locations":[{"start":{"line":157,"column":12},"end":{"line":160,"column":13}},{"start":{"line":157,"column":12},"end":{"line":160,"column":13}}],"line":157},"26":{"loc":{"start":{"line":164,"column":8},"end":{"line":167,"column":9}},"type":"if","locations":[{"start":{"line":164,"column":8},"end":{"line":167,"column":9}},{"start":{"line":164,"column":8},"end":{"line":167,"column":9}}],"line":164},"27":{"loc":{"start":{"line":170,"column":8},"end":{"line":172,"column":9}},"type":"if","locations":[{"start":{"line":170,"column":8},"end":{"line":172,"column":9}},{"start":{"line":170,"column":8},"end":{"line":172,"column":9}}],"line":170},"28":{"loc":{"start":{"line":175,"column":8},"end":{"line":178,"column":9}},"type":"if","locations":[{"start":{"line":175,"column":8},"end":{"line":178,"column":9}},{"start":{"line":175,"column":8},"end":{"line":178,"column":9}}],"line":175},"29":{"loc":{"start":{"line":181,"column":8},"end":{"line":183,"column":9}},"type":"if","locations":[{"start":{"line":181,"column":8},"end":{"line":183,"column":9}},{"start":{"line":181,"column":8},"end":{"line":183,"column":9}}],"line":181},"30":{"loc":{"start":{"line":186,"column":8},"end":{"line":192,"column":9}},"type":"if","locations":[{"start":{"line":186,"column":8},"end":{"line":192,"column":9}},{"start":{"line":186,"column":8},"end":{"line":192,"column":9}}],"line":186},"31":{"loc":{"start":{"line":195,"column":8},"end":{"line":197,"column":9}},"type":"if","locations":[{"start":{"line":195,"column":8},"end":{"line":197,"column":9}},{"start":{"line":195,"column":8},"end":{"line":197,"column":9}}],"line":195},"32":{"loc":{"start":{"line":200,"column":8},"end":{"line":202,"column":9}},"type":"if","locations":[{"start":{"line":200,"column":8},"end":{"line":202,"column":9}},{"start":{"line":200,"column":8},"end":{"line":202,"column":9}}],"line":200},"33":{"loc":{"start":{"line":205,"column":8},"end":{"line":207,"column":9}},"type":"if","locations":[{"start":{"line":205,"column":8},"end":{"line":207,"column":9}},{"start":{"line":205,"column":8},"end":{"line":207,"column":9}}],"line":205},"34":{"loc":{"start":{"line":210,"column":8},"end":{"line":212,"column":9}},"type":"if","locations":[{"start":{"line":210,"column":8},"end":{"line":212,"column":9}},{"start":{"line":210,"column":8},"end":{"line":212,"column":9}}],"line":210},"35":{"loc":{"start":{"line":216,"column":8},"end":{"line":223,"column":9}},"type":"if","locations":[{"start":{"line":216,"column":8},"end":{"line":223,"column":9}},{"start":{"line":216,"column":8},"end":{"line":223,"column":9}}],"line":216},"36":{"loc":{"start":{"line":219,"column":12},"end":{"line":222,"column":13}},"type":"if","locations":[{"start":{"line":219,"column":12},"end":{"line":222,"column":13}},{"start":{"line":219,"column":12},"end":{"line":222,"column":13}}],"line":219},"37":{"loc":{"start":{"line":226,"column":8},"end":{"line":228,"column":9}},"type":"if","locations":[{"start":{"line":226,"column":8},"end":{"line":228,"column":9}},{"start":{"line":226,"column":8},"end":{"line":228,"column":9}}],"line":226},"38":{"loc":{"start":{"line":235,"column":8},"end":{"line":241,"column":9}},"type":"if","locations":[{"start":{"line":235,"column":8},"end":{"line":241,"column":9}},{"start":{"line":235,"column":8},"end":{"line":241,"column":9}}],"line":235},"39":{"loc":{"start":{"line":238,"column":12},"end":{"line":240,"column":13}},"type":"if","locations":[{"start":{"line":238,"column":12},"end":{"line":240,"column":13}},{"start":{"line":238,"column":12},"end":{"line":240,"column":13}}],"line":238},"40":{"loc":{"start":{"line":244,"column":8},"end":{"line":249,"column":9}},"type":"if","locations":[{"start":{"line":244,"column":8},"end":{"line":249,"column":9}},{"start":{"line":244,"column":8},"end":{"line":249,"column":9}}],"line":244},"41":{"loc":{"start":{"line":258,"column":8},"end":{"line":260,"column":9}},"type":"if","locations":[{"start":{"line":258,"column":8},"end":{"line":260,"column":9}},{"start":{"line":258,"column":8},"end":{"line":260,"column":9}}],"line":258},"42":{"loc":{"start":{"line":264,"column":8},"end":{"line":272,"column":9}},"type":"if","locations":[{"start":{"line":264,"column":8},"end":{"line":272,"column":9}},{"start":{"line":264,"column":8},"end":{"line":272,"column":9}}],"line":264},"43":{"loc":{"start":{"line":267,"column":12},"end":{"line":271,"column":13}},"type":"if","locations":[{"start":{"line":267,"column":12},"end":{"line":271,"column":13}},{"start":{"line":267,"column":12},"end":{"line":271,"column":13}}],"line":267},"44":{"loc":{"start":{"line":276,"column":8},"end":{"line":288,"column":9}},"type":"if","locations":[{"start":{"line":276,"column":8},"end":{"line":288,"column":9}},{"start":{"line":276,"column":8},"end":{"line":288,"column":9}}],"line":276},"45":{"loc":{"start":{"line":290,"column":8},"end":{"line":292,"column":9}},"type":"if","locations":[{"start":{"line":290,"column":8},"end":{"line":292,"column":9}},{"start":{"line":290,"column":8},"end":{"line":292,"column":9}}],"line":290},"46":{"loc":{"start":{"line":294,"column":8},"end":{"line":296,"column":9}},"type":"if","locations":[{"start":{"line":294,"column":8},"end":{"line":296,"column":9}},{"start":{"line":294,"column":8},"end":{"line":296,"column":9}}],"line":294},"47":{"loc":{"start":{"line":298,"column":8},"end":{"line":300,"column":9}},"type":"if","locations":[{"start":{"line":298,"column":8},"end":{"line":300,"column":9}},{"start":{"line":298,"column":8},"end":{"line":300,"column":9}}],"line":298},"48":{"loc":{"start":{"line":303,"column":8},"end":{"line":315,"column":9}},"type":"if","locations":[{"start":{"line":303,"column":8},"end":{"line":315,"column":9}},{"start":{"line":303,"column":8},"end":{"line":315,"column":9}}],"line":303}},"s":{"0":1,"1":1,"2":1,"3":1,"4":1,"5":1,"6":1,"7":1,"8":60,"9":60,"10":60,"11":153,"12":153,"13":153,"14":153,"15":153,"16":153,"17":153,"18":150,"19":6421,"20":6421,"21":1,"22":6420,"23":150,"24":1,"25":0,"26":0,"27":60,"28":59,"29":1,"30":1,"31":1,"32":1,"33":1,"34":1,"35":1,"36":1,"37":1,"38":50,"39":50,"40":1,"41":49,"42":1,"43":1,"44":0,"45":1,"46":0,"47":1,"48":1,"49":1,"50":1,"51":1,"52":1,"53":1,"54":1,"55":1,"56":1,"57":1,"58":1,"59":1,"60":1,"61":1,"62":1,"63":1,"64":1,"65":1,"66":1,"67":1,"68":1,"69":1,"70":1,"71":1,"72":1,"73":1,"74":1,"75":1,"76":1,"77":1,"78":1,"79":1,"80":1,"81":1,"82":1,"83":1,"84":1,"85":1,"86":1,"87":1,"88":1,"89":1,"90":1,"91":1,"92":1,"93":1,"94":1,"95":1,"96":1,"97":1,"98":1,"99":1,"100":1,"101":1,"102":1,"103":1,"104":1,"105":1,"106":1,"107":1,"108":1,"109":1,"110":1,"111":1,"112":1,"113":1,"114":1,"115":1,"116":1,"117":1,"118":1,"119":1,"120":1,"121":1,"122":1,"123":1,"124":1,"125":1,"126":1,"127":1,"128":1,"129":1,"130":1,"131":1,"132":1,"133":1,"134":1,"135":1,"136":1,"137":1,"138":1,"139":1,"140":1,"141":1,"142":1,"143":1,"144":1,"145":1,"146":1,"147":1,"148":1,"149":1,"150":1,"151":1,"152":1,"153":1,"154":1,"155":1,"156":1,"157":1,"158":1,"159":1,"160":1,"161":1,"162":1,"163":1,"164":1,"165":1,"166":1,"167":1,"168":1,"169":1,"170":1,"171":1,"172":1,"173":1,"174":1,"175":1,"176":1},"f":{"0":1,"1":60},"b":{"0":[1,1,1],"1":[0,1],"2":[1,1],"3":[153,0],"4":[150,3],"5":[1,6420],"6":[1,149],"7":[59,1],"8":[60,1,1],"9":[1,0],"10":[1,0],"11":[1,49],"12":[1,0],"13":[0,1],"14":[1,0],"15":[1,0],"16":[1,0],"17":[1,0],"18":[1,0],"19":[1,0],"20":[1,0],"21":[1,0],"22":[1,0],"23":[1,0],"24":[1,0],"25":[1,0],"26":[1,0],"27":[1,0],"28":[1,0],"29":[1,0],"30":[1,0],"31":[1,0],"32":[1,0],"33":[1,0],"34":[1,0],"35":[1,0],"36":[1,0],"37":[1,0],"38":[1,0],"39":[1,0],"40":[1,0],"41":[1,0],"42":[1,0],"43":[1,0],"44":[1,0],"45":[1,0],"46":[1,0],"47":[1,0],"48":[1,0]},"_coverageSchema":"43e27e138ebf9cfc5966b082cf9a028302ed4184","hash":"02cecbdbbf1d1237da850f6db68f3d8a6f3737a8","contentHash":"b4288c3568bb71c7b23a103c600ff4875fa075e8ba6caa713abcf6c8bfcdebaa"}}