{"/Users/aonsolutions/eclipse-workspace/aon.parent/aon-tedi-application/src/index.ts":{"path":"/Users/aonsolutions/eclipse-workspace/aon.parent/aon-tedi-application/src/index.ts","statementMap":{"0":{"start":{"line":5,"column":0},"end":{"line":13,"column":2}},"1":{"start":{"line":6,"column":31},"end":{"line":6,"column":33}},"2":{"start":{"line":7,"column":39},"end":{"line":11,"column":3}},"3":{"start":{"line":12,"column":2},"end":{"line":12,"column":35}}},"fnMap":{"0":{"name":"(anonymous_0)","decl":{"start":{"line":5,"column":23},"end":{"line":5,"column":24}},"loc":{"start":{"line":5,"column":87},"end":{"line":13,"column":1}},"line":5}},"branchMap":{},"s":{"0":0,"1":0,"2":0,"3":0},"f":{"0":0},"b":{}},"/Users/aonsolutions/eclipse-workspace/aon.parent/aon-tedi-application/src/lambda.ts":{"path":"/Users/aonsolutions/eclipse-workspace/aon.parent/aon-tedi-application/src/lambda.ts","statementMap":{"0":{"start":{"line":6,"column":11},"end":{"line":6,"column":23}},"1":{"start":{"line":8,"column":0},"end":{"line":37,"column":2}},"2":{"start":{"line":10,"column":2},"end":{"line":10,"column":31}},"3":{"start":{"line":12,"column":26},"end":{"line":12,"column":46}},"4":{"start":{"line":14,"column":2},"end":{"line":14,"column":79}},"5":{"start":{"line":17,"column":2},"end":{"line":36,"column":4}},"6":{"start":{"line":23,"column":6},"end":{"line":34,"column":7}},"7":{"start":{"line":25,"column":8},"end":{"line":25,"column":36}},"8":{"start":{"line":26,"column":8},"end":{"line":26,"column":28}},"9":{"start":{"line":29,"column":8},"end":{"line":29,"column":48}},"10":{"start":{"line":33,"column":8},"end":{"line":33,"column":29}}},"fnMap":{"0":{"name":"(anonymous_0)","decl":{"start":{"line":8,"column":25},"end":{"line":8,"column":26}},"loc":{"start":{"line":8,"column":126},"end":{"line":37,"column":1}},"line":8},"1":{"name":"(anonymous_1)","decl":{"start":{"line":22,"column":4},"end":{"line":22,"column":5}},"loc":{"start":{"line":22,"column":19},"end":{"line":35,"column":5}},"line":22}},"branchMap":{"0":{"loc":{"start":{"line":23,"column":6},"end":{"line":34,"column":7}},"type":"if","locations":[{"start":{"line":23,"column":6},"end":{"line":34,"column":7}},{"start":{"line":23,"column":6},"end":{"line":34,"column":7}}],"line":23}},"s":{"0":0,"1":0,"2":0,"3":0,"4":0,"5":0,"6":0,"7":0,"8":0,"9":0,"10":0},"f":{"0":0,"1":0},"b":{"0":[0,0]}},"/Users/aonsolutions/eclipse-workspace/aon.parent/aon-tedi-application/src/tedi-ewok/TediArray.ts":{"path":"/Users/aonsolutions/eclipse-workspace/aon.parent/aon-tedi-application/src/tedi-ewok/TediArray.ts","statementMap":{"0":{"start":{"line":2,"column":2},"end":{"line":5,"column":9}},"1":{"start":{"line":3,"column":4},"end":{"line":3,"column":44}},"2":{"start":{"line":3,"column":29},"end":{"line":3,"column":42}},"3":{"start":{"line":4,"column":4},"end":{"line":4,"column":15}}},"fnMap":{"0":{"name":"flat","decl":{"start":{"line":1,"column":16},"end":{"line":1,"column":20}},"loc":{"start":{"line":1,"column":41},"end":{"line":6,"column":1}},"line":1},"1":{"name":"(anonymous_1)","decl":{"start":{"line":2,"column":20},"end":{"line":2,"column":21}},"loc":{"start":{"line":2,"column":45},"end":{"line":5,"column":3}},"line":2},"2":{"name":"(anonymous_2)","decl":{"start":{"line":3,"column":17},"end":{"line":3,"column":18}},"loc":{"start":{"line":3,"column":29},"end":{"line":3,"column":42}},"line":3}},"branchMap":{},"s":{"0":0,"1":0,"2":0,"3":0},"f":{"0":0,"1":0,"2":0},"b":{}},"/Users/aonsolutions/eclipse-workspace/aon.parent/aon-tedi-application/src/tedi-ewok/TediEwok.ts":{"path":"/Users/aonsolutions/eclipse-workspace/aon.parent/aon-tedi-application/src/tedi-ewok/TediEwok.ts","statementMap":{},"fnMap":{},"branchMap":{},"s":{},"f":{},"b":{}}}